<?xml version="1.0" encoding="UTF-8"?>
<testsuites name="TS_TNR_R.TSPT_Suppo90" time="189.713" tests="2" failures="2" errors="0">
   <testsuite name="TS_TNR_R.TSPT_Suppo90" tests="2" failures="2" errors="0" time="189.713" skipped="0" timestamp="2023-12-04 16:35:29" hostname="hhizaoui - FRLFK0635000045.corp.capgemini.com" id="Test Suites/TS_TNR_R.TSPT_Suppo90">
      <properties>
         <property name="deviceName" value=""/>
         <property name="devicePlatform" value=""/>
         <property name="logFolder" value="C:\\Users\\hhizaoui\\.git\\NewProject29092023\\Nouveau dossier1\\22_11\\ANEF-AutomatizationProject\\Reports\\20231204_163518\\TS_TNR_R.TSPT_Suppo90\\20231204_163518"/>
         <property name="logFiles" value="C:\\Users\\hhizaoui\\.git\\NewProject29092023\\Nouveau dossier1\\22_11\\ANEF-AutomatizationProject\\Reports\\20231204_163518\\TS_TNR_R.TSPT_Suppo90\\20231204_163518\\execution0.log"/>
         <property name="attachments" value="C:\\Users\\hhizaoui\\.git\\NewProject29092023\\Nouveau dossier1\\22_11\\ANEF-AutomatizationProject\\Reports\\20231204_163518\\TS_TNR_R.TSPT_Suppo90\\20231204_163518\\1701704204937.png, C:\\Users\\hhizaoui\\.git\\NewProject29092023\\Nouveau dossier1\\22_11\\ANEF-AutomatizationProject\\Reports\\20231204_163518\\TS_TNR_R.TSPT_Suppo90\\20231204_163518\\1701704296315.png, C:\\Users\\hhizaoui\\.git\\NewProject29092023\\Nouveau dossier1\\22_11\\ANEF-AutomatizationProject\\Reports\\20231204_163518\\TS_TNR_R.TSPT_Suppo90\\20231204_163518\\1701704316261.png"/>
         <property name="hostName" value="hhizaoui - FRLFK0635000045.corp.capgemini.com"/>
         <property name="os" value="Windows 10 64bit"/>
         <property name="katalonVersion" value="8.6.6.208"/>
         <property name="browser" value="Chrome 119.0.0.0"/>
         <property name="hostAddress" value="192.168.0.14"/>
         <property name="sessionId" value="06d3125fa47928d21f66cf0423f7572a"/>
         <property name="seleniumVersion" value="3.141.59"/>
         <property name="proxyInformation" value="ProxyInformation { proxyOption=USE_SYSTEM, proxyServerType=HTTP, username=, password=********, proxyServerAddress=127.0.0.1, proxyServerPort=8082, executionList=&quot;&quot;, isApplyToDesiredCapabilities=true }"/>
         <property name="platform" value="Windows 10"/>
      </properties>
      <testcase name="Test Cases/Cas D Utilisations/Usager Etudiant/TNR R.TSPT Supp90-Etudiant" time="79.431" classname="Test Cases/Cas D Utilisations/Usager Etudiant/TNR R.TSPT Supp90-Etudiant" status="FAILED">
         <failure type="FAILED" message="Test Cases/Cas D Utilisations/Usager Etudiant/TNR R.TSPT Supp90-Etudiant FAILED.
Reason:
com.kms.katalon.core.exception.StepFailedException: Call Test Case 'Test Cases/Test Reutilisable/Main/Creer Votre Compte' failed
	at com.kms.katalon.core.keyword.builtin.CallTestCaseKeyword$_callTestCase_closure1.doCall(CallTestCaseKeyword.groovy:63)
	at com.kms.katalon.core.keyword.builtin.CallTestCaseKeyword$_callTestCase_closure1.call(CallTestCaseKeyword.groovy)
	at com.kms.katalon.core.keyword.internal.KeywordMain.runKeyword(KeywordMain.groovy:75)
	at com.kms.katalon.core.keyword.builtin.CallTestCaseKeyword.callTestCase(CallTestCaseKeyword.groovy:81)
	at com.kms.katalon.core.keyword.builtin.CallTestCaseKeyword.execute(CallTestCaseKeyword.groovy:44)
	at com.kms.katalon.core.keyword.internal.KeywordExecutor.executeKeywordForPlatform(KeywordExecutor.groovy:74)
	at com.kms.katalon.core.keyword.BuiltinKeywords.callTestCase(BuiltinKeywords.groovy:310)
	at com.kazurayam.ksbackyard.HighlightElement$_pandemic_closure1.doCall(HighlightElement.groovy:105)
	at TNR R.TSPT Supp90-Etudiant.run(TNR R.TSPT Supp90-Etudiant:30)
	at com.kms.katalon.core.main.ScriptEngine.run(ScriptEngine.java:194)
	at com.kms.katalon.core.main.ScriptEngine.runScriptAsRawText(ScriptEngine.java:119)
	at com.kms.katalon.core.main.TestCaseExecutor.runScript(TestCaseExecutor.java:448)
	at com.kms.katalon.core.main.TestCaseExecutor.doExecute(TestCaseExecutor.java:439)
	at com.kms.katalon.core.main.TestCaseExecutor.processExecutionPhase(TestCaseExecutor.java:418)
	at com.kms.katalon.core.main.TestCaseExecutor.accessMainPhase(TestCaseExecutor.java:410)
	at com.kms.katalon.core.main.TestCaseExecutor.execute(TestCaseExecutor.java:285)
	at com.kms.katalon.core.common.CommonExecutor.accessTestCaseMainPhase(CommonExecutor.java:65)
	at com.kms.katalon.core.main.TestSuiteExecutor.accessTestSuiteMainPhase(TestSuiteExecutor.java:148)
	at com.kms.katalon.core.main.TestSuiteExecutor.execute(TestSuiteExecutor.java:106)
	at com.kms.katalon.core.main.TestCaseMain.startTestSuite(TestCaseMain.java:187)
	at com.kms.katalon.core.main.TestCaseMain$startTestSuite$0.call(Unknown Source)
	at TempTestSuite1701704118658.run(TempTestSuite1701704118658.groovy:36)
Caused by: com.kms.katalon.core.exception.StepFailedException: Unable to click on object 'Object Repository/Connexion Usager/Link_Creer Votre Compte'
	at com.kms.katalon.core.webui.keyword.internal.WebUIKeywordMain.stepFailed(WebUIKeywordMain.groovy:64)
	at com.kms.katalon.core.webui.keyword.internal.WebUIKeywordMain.runKeyword(WebUIKeywordMain.groovy:26)
	at com.kms.katalon.core.webui.keyword.builtin.ClickKeyword.click(ClickKeyword.groovy:74)
	at com.kms.katalon.core.webui.keyword.builtin.ClickKeyword.execute(ClickKeyword.groovy:40)
	at com.kms.katalon.core.keyword.internal.KeywordExecutor.executeKeywordForPlatform(KeywordExecutor.groovy:74)
	at com.kms.katalon.core.webui.keyword.WebUiBuiltInKeywords.click(WebUiBuiltInKeywords.groovy:620)
	at com.kazurayam.ksbackyard.HighlightElement$_pandemic_closure1.doCall(HighlightElement.groovy:105)
	at Creer Votre Compte.run(Creer Votre Compte:80)
	at com.kms.katalon.core.main.ScriptEngine.run(ScriptEngine.java:194)
	at com.kms.katalon.core.main.ScriptEngine.runScriptAsRawText(ScriptEngine.java:119)
	at com.kms.katalon.core.main.TestCaseExecutor.runScript(TestCaseExecutor.java:448)
	at com.kms.katalon.core.main.TestCaseExecutor.doExecute(TestCaseExecutor.java:439)
	at com.kms.katalon.core.main.TestCaseExecutor.processExecutionPhase(TestCaseExecutor.java:418)
	at com.kms.katalon.core.main.TestCaseExecutor.accessMainPhase(TestCaseExecutor.java:410)
	at com.kms.katalon.core.main.TestCaseExecutor.execute(TestCaseExecutor.java:285)
	at com.kms.katalon.core.main.TestCaseMain.runTestCase(TestCaseMain.java:144)
	at com.kms.katalon.core.keyword.builtin.CallTestCaseKeyword$_callTestCase_closure1.doCall(CallTestCaseKeyword.groovy:59)
	... 21 more
Caused by: com.kms.katalon.core.webui.exception.WebElementNotFoundException: Web element with id: 'Object Repository/Connexion Usager/Link_Creer Votre Compte' located by '/html/body/div/main/div[2]/a' not found
	at com.kms.katalon.core.webui.common.WebUiCommonHelper.findWebElement(WebUiCommonHelper.java:1381)
	at com.kms.katalon.core.webui.keyword.internal.WebUIAbstractKeyword.findWebElement(WebUIAbstractKeyword.groovy:27)
	at com.kms.katalon.core.webui.keyword.builtin.ClickKeyword$_click_closure1.doCall(ClickKeyword.groovy:65)
	at com.kms.katalon.core.webui.keyword.builtin.ClickKeyword$_click_closure1.call(ClickKeyword.groovy)
	at com.kms.katalon.core.webui.keyword.internal.WebUIKeywordMain.runKeyword(WebUIKeywordMain.groovy:20)
	... 36 more
"/>
         <system-out><![CDATA[2023-12-04 16:35:30 - [TEST_CASE][FAILED] - Test Cases/Cas D Utilisations/Usager Etudiant/TNR R.TSPT Supp90-Etudiant: Test Cases/Cas D Utilisations/Usager Etudiant/TNR R.TSPT Supp90-Etudiant FAILED.
Reason:
com.kms.katalon.core.exception.StepFailedException: Call Test Case 'Test Cases/Test Reutilisable/Main/Creer Votre Compte' failed
	at com.kms.katalon.core.keyword.builtin.CallTestCaseKeyword$_callTestCase_closure1.doCall(CallTestCaseKeyword.groovy:63)
	at com.kms.katalon.core.keyword.builtin.CallTestCaseKeyword$_callTestCase_closure1.call(CallTestCaseKeyword.groovy)
	at com.kms.katalon.core.keyword.internal.KeywordMain.runKeyword(KeywordMain.groovy:75)
	at com.kms.katalon.core.keyword.builtin.CallTestCaseKeyword.callTestCase(CallTestCaseKeyword.groovy:81)
	at com.kms.katalon.core.keyword.builtin.CallTestCaseKeyword.execute(CallTestCaseKeyword.groovy:44)
	at com.kms.katalon.core.keyword.internal.KeywordExecutor.executeKeywordForPlatform(KeywordExecutor.groovy:74)
	at com.kms.katalon.core.keyword.BuiltinKeywords.callTestCase(BuiltinKeywords.groovy:310)
	at com.kazurayam.ksbackyard.HighlightElement$_pandemic_closure1.doCall(HighlightElement.groovy:105)
	at TNR R.TSPT Supp90-Etudiant.run(TNR R.TSPT Supp90-Etudiant:30)
	at com.kms.katalon.core.main.ScriptEngine.run(ScriptEngine.java:194)
	at com.kms.katalon.core.main.ScriptEngine.runScriptAsRawText(ScriptEngine.java:119)
	at com.kms.katalon.core.main.TestCaseExecutor.runScript(TestCaseExecutor.java:448)
	at com.kms.katalon.core.main.TestCaseExecutor.doExecute(TestCaseExecutor.java:439)
	at com.kms.katalon.core.main.TestCaseExecutor.processExecutionPhase(TestCaseExecutor.java:418)
	at com.kms.katalon.core.main.TestCaseExecutor.accessMainPhase(TestCaseExecutor.java:410)
	at com.kms.katalon.core.main.TestCaseExecutor.execute(TestCaseExecutor.java:285)
	at com.kms.katalon.core.common.CommonExecutor.accessTestCaseMainPhase(CommonExecutor.java:65)
	at com.kms.katalon.core.main.TestSuiteExecutor.accessTestSuiteMainPhase(TestSuiteExecutor.java:148)
	at com.kms.katalon.core.main.TestSuiteExecutor.execute(TestSuiteExecutor.java:106)
	at com.kms.katalon.core.main.TestCaseMain.startTestSuite(TestCaseMain.java:187)
	at com.kms.katalon.core.main.TestCaseMain$startTestSuite$0.call(Unknown Source)
	at TempTestSuite1701704118658.run(TempTestSuite1701704118658.groovy:36)
Caused by: com.kms.katalon.core.exception.StepFailedException: Unable to click on object 'Object Repository/Connexion Usager/Link_Creer Votre Compte'
	at com.kms.katalon.core.webui.keyword.internal.WebUIKeywordMain.stepFailed(WebUIKeywordMain.groovy:64)
	at com.kms.katalon.core.webui.keyword.internal.WebUIKeywordMain.runKeyword(WebUIKeywordMain.groovy:26)
	at com.kms.katalon.core.webui.keyword.builtin.ClickKeyword.click(ClickKeyword.groovy:74)
	at com.kms.katalon.core.webui.keyword.builtin.ClickKeyword.execute(ClickKeyword.groovy:40)
	at com.kms.katalon.core.keyword.internal.KeywordExecutor.executeKeywordForPlatform(KeywordExecutor.groovy:74)
	at com.kms.katalon.core.webui.keyword.WebUiBuiltInKeywords.click(WebUiBuiltInKeywords.groovy:620)
	at com.kazurayam.ksbackyard.HighlightElement$_pandemic_closure1.doCall(HighlightElement.groovy:105)
	at Creer Votre Compte.run(Creer Votre Compte:80)
	at com.kms.katalon.core.main.ScriptEngine.run(ScriptEngine.java:194)
	at com.kms.katalon.core.main.ScriptEngine.runScriptAsRawText(ScriptEngine.java:119)
	at com.kms.katalon.core.main.TestCaseExecutor.runScript(TestCaseExecutor.java:448)
	at com.kms.katalon.core.main.TestCaseExecutor.doExecute(TestCaseExecutor.java:439)
	at com.kms.katalon.core.main.TestCaseExecutor.processExecutionPhase(TestCaseExecutor.java:418)
	at com.kms.katalon.core.main.TestCaseExecutor.accessMainPhase(TestCaseExecutor.java:410)
	at com.kms.katalon.core.main.TestCaseExecutor.execute(TestCaseExecutor.java:285)
	at com.kms.katalon.core.main.TestCaseMain.runTestCase(TestCaseMain.java:144)
	at com.kms.katalon.core.keyword.builtin.CallTestCaseKeyword$_callTestCase_closure1.doCall(CallTestCaseKeyword.groovy:59)
	... 21 more
Caused by: com.kms.katalon.core.webui.exception.WebElementNotFoundException: Web element with id: 'Object Repository/Connexion Usager/Link_Creer Votre Compte' located by '/html/body/div/main/div[2]/a' not found
	at com.kms.katalon.core.webui.common.WebUiCommonHelper.findWebElement(WebUiCommonHelper.java:1381)
	at com.kms.katalon.core.webui.keyword.internal.WebUIAbstractKeyword.findWebElement(WebUIAbstractKeyword.groovy:27)
	at com.kms.katalon.core.webui.keyword.builtin.ClickKeyword$_click_closure1.doCall(ClickKeyword.groovy:65)
	at com.kms.katalon.core.webui.keyword.builtin.ClickKeyword$_click_closure1.call(ClickKeyword.groovy)
	at com.kms.katalon.core.webui.keyword.internal.WebUIKeywordMain.runKeyword(WebUIKeywordMain.groovy:20)
	... 36 more


2023-12-04 16:35:31 - [TEST_STEP][PASSED] - com.kazurayam.ksbackyard.HighlightElement.pandemic(): com.kazurayam.ksbackyard.HighlightElement.pandemic is PASSED

2023-12-04 16:35:32 - [MESSAGE][PASSED] - com.kazurayam.ksbackyard.HighlightElement.pandemic is PASSED

2023-12-04 16:35:32 - [TEST_STEP][PASSED] - callTestCase(findTestCase("Test Reutilisable/Main/Lancer URL ANEF"), ["Profiles":"Usager", "EnvExec":EnvExec], STOP_ON_FAILURE): Call Test Case 'Test Cases/Test Reutilisable/Main/Lancer URL ANEF' successfully

2023-12-04 16:35:32 - [MESSAGE][INFO] - Checking called Test Case

2023-12-04 16:35:32 - [MESSAGE][INFO] - Starting to call Test Case 'Test Cases/Test Reutilisable/Main/Lancer URL ANEF'

2023-12-04 16:35:32 - [TEST_CASE][PASSED] - Test Cases/Test Reutilisable/Main/Lancer URL ANEF: Test Cases/Test Reutilisable/Main/Lancer URL ANEF

2023-12-04 16:35:37 - [TEST_STEP][PASSED] - "RunConfiguration: getProjectDir for LogDriver ": null

2023-12-04 16:35:37 - [TEST_STEP][PASSED] - RunBrowserConfiguration = getExecutionProperties(): null

2023-12-04 16:35:37 - [TEST_STEP][PASSED] - DriverName = "": null

2023-12-04 16:35:37 - [TEST_STEP][PASSED] - openBrowser(""): Browser is opened with url: ''

2023-12-04 16:35:38 - [MESSAGE][INFO] - Opening browser

2023-12-04 16:35:38 - [MESSAGE][INFO] - Starting 'Chrome' driver

2023-12-04 16:35:38 - [MESSAGE][INFO] - User set preference: ['args', '[--incognito, --start-maximized, --remote-allow-origins=*]']

2023-12-04 16:35:38 - [MESSAGE][INFO] - User set preference: ['prefs', '{download.default_directory=${GlobalVariable.downloadPath}, download_dir=${GlobalVariable.downloadPath}, download.prompt_for_download=false}']

2023-12-04 16:35:38 - [MESSAGE][INFO] - User set preference: ['loggingPrefs', '{browser=ALL}']

2023-12-04 16:35:38 - [MESSAGE][INFO] - Action delay is set to 2 000 milliseconds

2023-12-04 16:35:42 - [MESSAGE][PASSED] - Browser is opened with url: ''

2023-12-04 16:35:42 - [TEST_STEP][PASSED] - driver = getWebDriver(): null

2023-12-04 16:35:42 - [TEST_STEP][PASSED] - wrappedDriver = driver.getWrappedDriver(): null

2023-12-04 16:35:42 - [TEST_STEP][PASSED] - out.println(wrappedDriver.getClass()): null

2023-12-04 16:35:43 - [TEST_STEP][PASSED] - if (class == com.kms.katalon.selenium.driver.CRemoteWebDriver): null

2023-12-04 16:35:43 - [TEST_STEP][PASSED] - else: null

2023-12-04 16:35:43 - [TEST_STEP][PASSED] - DriverName = get("WebUI").get("browserType"): null

2023-12-04 16:35:43 - [TEST_STEP][PASSED] - println("DriverName :" + DriverName): null

2023-12-04 16:35:43 - [TEST_STEP][PASSED] - println("Driverpath :" + RunBrowserConfiguration.get("drivers")): null

2023-12-04 16:35:43 - [TEST_STEP][PASSED] - DriverName = DriverName: null

2023-12-04 16:35:44 - [TEST_STEP][PASSED] - delay(medium_wait): Delayed 3 second(s)

2023-12-04 16:35:44 - [MESSAGE][INFO] - Delaying browser in 3 second(s)

2023-12-04 16:35:47 - [MESSAGE][PASSED] - Delayed 3 second(s)

2023-12-04 16:35:47 - [TEST_STEP][PASSED] - executedBrowser = getExecutedBrowser(): null

2023-12-04 16:35:47 - [TEST_STEP][PASSED] - if (Profiles == "Usager"): null

2023-12-04 16:35:47 - [TEST_STEP][PASSED] - switch (DriverName): null

2023-12-04 16:35:47 - [TEST_STEP][PASSED] - case "CHROME_DRIVER":: null

2023-12-04 16:35:47 - [TEST_STEP][PASSED] - if (EnvExec == "URL_ANEFQualif"): Navigate to 'https://qualif.administration-etrangers-en-france.interieur.gouv.fr/particuliers/#/' successfully

2023-12-04 16:35:47 - [TEST_STEP][PASSED] - navigateToUrl(URL_ANEFQualif): Navigate to 'https://qualif.administration-etrangers-en-france.interieur.gouv.fr/particuliers/#/' successfully

2023-12-04 16:35:47 - [MESSAGE][INFO] - Checking url

2023-12-04 16:35:47 - [MESSAGE][INFO] - Navigating to 'https://qualif.administration-etrangers-en-france.interieur.gouv.fr/particuliers/#/'

2023-12-04 16:35:50 - [MESSAGE][PASSED] - Navigate to 'https://qualif.administration-etrangers-en-france.interieur.gouv.fr/particuliers/#/' successfully

2023-12-04 16:35:50 - [TEST_STEP][PASSED] - if (EnvExec == "URL_ANEFPreProd"): null

2023-12-04 16:35:50 - [TEST_STEP][PASSED] - maximizeWindow(): Current window maximized

2023-12-04 16:35:50 - [MESSAGE][INFO] - Maximizing current window

2023-12-04 16:35:50 - [MESSAGE][PASSED] - Current window maximized

2023-12-04 16:35:50 - [TEST_STEP][PASSED] - System.setProperty("webdriver.chrome.driver", getChromeDriverPath()): null

2023-12-04 16:35:50 - [TEST_STEP][PASSED] - System.setProperty("webdriver.chrome.logfile", getProjectDir() + "/Dump/chromedriver.log"): null

2023-12-04 16:35:50 - [TEST_STEP][PASSED] - callTestCase(findTestCase("Test Reutilisable/Main/Erreur lie a la confidentialite"), [:], STOP_ON_FAILURE): Call Test Case 'Test Cases/Test Reutilisable/Main/Erreur lie a la confidentialite' successfully

2023-12-04 16:35:50 - [MESSAGE][INFO] - Checking called Test Case

2023-12-04 16:35:50 - [MESSAGE][INFO] - Starting to call Test Case 'Test Cases/Test Reutilisable/Main/Erreur lie a la confidentialite'

2023-12-04 16:35:50 - [TEST_CASE][PASSED] - Test Cases/Test Reutilisable/Main/Erreur lie a la confidentialite: Test Cases/Test Reutilisable/Main/Erreur lie a la confidentialite

2023-12-04 16:35:51 - [TEST_STEP][PASSED] - tools.WaitForLoadedPage.waitForElementRendering(): tools.WaitForLoadedPage.waitForElementRendering is PASSED

2023-12-04 16:35:51 - [MESSAGE][PASSED] - tools.WaitForLoadedPage.waitForElementRendering is PASSED

2023-12-04 16:35:51 - [TEST_STEP][PASSED] - "Call Highlight.on() automatically": null

2023-12-04 16:35:51 - [TEST_STEP][PASSED] - DriverName = DriverName: null

2023-12-04 16:35:51 - [TEST_STEP][PASSED] - if (DriverName == "CHROME_DRIVER" || "EDGE_CHROMIUM_DRIVER" || "HEADLESS_DRIVER"): null

2023-12-04 16:35:51 - [TEST_STEP][PASSED] - if (verifyElementPresent(findTestObject("Object Repository/Connexion Usager/Btn_Parametres Avances"), 2, OPTIONAL)): null

2023-12-04 16:35:51 - [MESSAGE][INFO] - Finding Test Object 'Object Repository/Connexion Usager/Btn_Parametres Avances'

2023-12-04 16:35:51 - [MESSAGE][INFO] - Checking object

2023-12-04 16:35:51 - [MESSAGE][INFO] - Finding web element from Test Object's properties

2023-12-04 16:35:51 - [MESSAGE][INFO] - Checking timeout

2023-12-04 16:35:51 - [MESSAGE][INFO] - Finding web element with id: 'Object Repository/Connexion Usager/Btn_Parametres Avances' located by 'By.xpath: //*[@id="details-button"]' in '2' second(s)

2023-12-04 16:35:51 - [MESSAGE][INFO] - Smart Wait Function is triggered

2023-12-04 16:35:51 - [MESSAGE][INFO] - Found 1 web elements with id: 'Object Repository/Connexion Usager/Btn_Parametres Avances' located by 'By.xpath: //*[@id="details-button"]' in '2' second(s)

2023-12-04 16:35:51 - [MESSAGE][PASSED] - Object 'Object Repository/Connexion Usager/Btn_Parametres Avances' is present

2023-12-04 16:35:51 - [TEST_STEP][PASSED] - click(findTestObject("Object Repository/Connexion Usager/Btn_Parametres Avances"), OPTIONAL): Object: 'Object Repository/Connexion Usager/Btn_Parametres Avances' is clicked on

2023-12-04 16:35:51 - [MESSAGE][INFO] - Finding Test Object 'Object Repository/Connexion Usager/Btn_Parametres Avances'

2023-12-04 16:35:51 - [MESSAGE][INFO] - Checking timeout

2023-12-04 16:35:51 - [MESSAGE][INFO] - Finding web element with id: 'Object Repository/Connexion Usager/Btn_Parametres Avances' located by 'By.xpath: //*[@id="details-button"]' in '20' second(s)

2023-12-04 16:35:51 - [MESSAGE][INFO] - Smart Wait Function is triggered

2023-12-04 16:35:51 - [MESSAGE][INFO] - Found 1 web elements with id: 'Object Repository/Connexion Usager/Btn_Parametres Avances' located by 'By.xpath: //*[@id="details-button"]' in '20' second(s)

2023-12-04 16:35:51 - [MESSAGE][INFO] - Checking object

2023-12-04 16:35:51 - [MESSAGE][INFO] - Checking timeout

2023-12-04 16:35:51 - [MESSAGE][INFO] - Finding web element from Test Object's properties

2023-12-04 16:35:51 - [MESSAGE][INFO] - Checking timeout

2023-12-04 16:35:51 - [MESSAGE][INFO] - Finding web element with id: 'Object Repository/Connexion Usager/Btn_Parametres Avances' located by 'By.xpath: //*[@id="details-button"]' in '5' second(s)

2023-12-04 16:35:51 - [MESSAGE][INFO] - Smart Wait Function is triggered

2023-12-04 16:35:51 - [MESSAGE][INFO] - Found 1 web elements with id: 'Object Repository/Connexion Usager/Btn_Parametres Avances' located by 'By.xpath: //*[@id="details-button"]' in '5' second(s)

2023-12-04 16:35:51 - [MESSAGE][INFO] - Clicking on object: 'Object Repository/Connexion Usager/Btn_Parametres Avances'

2023-12-04 16:35:54 - [MESSAGE][PASSED] - Object: 'Object Repository/Connexion Usager/Btn_Parametres Avances' is clicked on

2023-12-04 16:35:54 - [TEST_STEP][PASSED] - click(findTestObject("Object Repository/Connexion Usager/Link_Proceed-Link"), OPTIONAL): Object: 'Object Repository/Connexion Usager/Link_Proceed-Link' is clicked on

2023-12-04 16:35:54 - [MESSAGE][INFO] - Finding Test Object 'Object Repository/Connexion Usager/Link_Proceed-Link'

2023-12-04 16:35:54 - [MESSAGE][INFO] - Checking timeout

2023-12-04 16:35:54 - [MESSAGE][INFO] - Finding web element with id: 'Object Repository/Connexion Usager/Link_Proceed-Link' located by 'By.xpath: //*[@id="proceed-link"]' in '20' second(s)

2023-12-04 16:35:54 - [MESSAGE][INFO] - Smart Wait Function is triggered

2023-12-04 16:35:54 - [MESSAGE][INFO] - Found 1 web elements with id: 'Object Repository/Connexion Usager/Link_Proceed-Link' located by 'By.xpath: //*[@id="proceed-link"]' in '20' second(s)

2023-12-04 16:35:54 - [MESSAGE][INFO] - Checking object

2023-12-04 16:35:54 - [MESSAGE][INFO] - Checking timeout

2023-12-04 16:35:54 - [MESSAGE][INFO] - Finding web element from Test Object's properties

2023-12-04 16:35:54 - [MESSAGE][INFO] - Checking timeout

2023-12-04 16:35:54 - [MESSAGE][INFO] - Finding web element with id: 'Object Repository/Connexion Usager/Link_Proceed-Link' located by 'By.xpath: //*[@id="proceed-link"]' in '5' second(s)

2023-12-04 16:35:54 - [MESSAGE][INFO] - Smart Wait Function is triggered

2023-12-04 16:35:54 - [MESSAGE][INFO] - Found 1 web elements with id: 'Object Repository/Connexion Usager/Link_Proceed-Link' located by 'By.xpath: //*[@id="proceed-link"]' in '5' second(s)

2023-12-04 16:35:54 - [MESSAGE][INFO] - Clicking on object: 'Object Repository/Connexion Usager/Link_Proceed-Link'

2023-12-04 16:35:56 - [MESSAGE][PASSED] - Object: 'Object Repository/Connexion Usager/Link_Proceed-Link' is clicked on

2023-12-04 16:35:56 - [TEST_STEP][PASSED] - if (DriverName == "IE_DRIVER"): null

2023-12-04 16:35:56 - [TEST_STEP][PASSED] - delay(3): Delayed 3 second(s)

2023-12-04 16:35:56 - [MESSAGE][INFO] - Delaying browser in 3 second(s)

2023-12-04 16:35:59 - [MESSAGE][PASSED] - Delayed 3 second(s)

2023-12-04 16:35:59 - [MESSAGE][PASSED] - Call Test Case 'Test Cases/Test Reutilisable/Main/Erreur lie a la confidentialite' successfully

2023-12-04 16:35:59 - [TEST_STEP][PASSED] - delay(5): Delayed 5 second(s)

2023-12-04 16:35:59 - [MESSAGE][INFO] - Delaying browser in 5 second(s)

2023-12-04 16:36:04 - [MESSAGE][PASSED] - Delayed 5 second(s)

2023-12-04 16:36:04 - [TEST_STEP][PASSED] - verifyElementVisible(findTestObject("Object Repository/Connexion Usager/Link_Se Connecter"), STOP_ON_FAILURE): Object 'Object Repository/Connexion Usager/Link_Se Connecter' is visible

2023-12-04 16:36:04 - [MESSAGE][INFO] - Finding Test Object 'Object Repository/Connexion Usager/Link_Se Connecter'

2023-12-04 16:36:04 - [MESSAGE][INFO] - Checking object

2023-12-04 16:36:04 - [MESSAGE][INFO] - Finding web element from Test Object's properties

2023-12-04 16:36:04 - [MESSAGE][INFO] - Checking timeout

2023-12-04 16:36:04 - [MESSAGE][INFO] - Finding web element with id: 'Object Repository/Connexion Usager/Link_Se Connecter' located by 'By.xpath: //*[@id="connexion_link"]' in '5' second(s)

2023-12-04 16:36:04 - [MESSAGE][INFO] - Smart Wait Function is triggered

2023-12-04 16:36:04 - [MESSAGE][INFO] - Found 1 web elements with id: 'Object Repository/Connexion Usager/Link_Se Connecter' located by 'By.xpath: //*[@id="connexion_link"]' in '5' second(s)

2023-12-04 16:36:04 - [MESSAGE][PASSED] - Object 'Object Repository/Connexion Usager/Link_Se Connecter' is visible

2023-12-04 16:36:04 - [TEST_STEP][PASSED] - break: null

2023-12-04 16:36:04 - [TEST_STEP][PASSED] - if (Profiles == "Agent"): null

2023-12-04 16:36:04 - [TEST_STEP][PASSED] - else: null

2023-12-04 16:36:04 - [TEST_STEP][PASSED] - println("Vérifier le Portail de votre connexion Usager ou Agent"): null

2023-12-04 16:36:04 - [MESSAGE][PASSED] - Call Test Case 'Test Cases/Test Reutilisable/Main/Lancer URL ANEF' successfully

2023-12-04 16:36:04 - [TEST_STEP][FAILED] - callTestCase(findTestCase("Test Reutilisable/Main/Creer Votre Compte"), ["NumEtrangerVisa":NumEtrangerVisa, "DateDebut":DateDebut, "DateFin":DateFin, "EnvExec":EnvExec], STOP_ON_FAILURE): Unable to call Test Case 'Test Cases/Test Reutilisable/Main/Creer Votre Compte' (Root cause: com.kms.katalon.core.exception.StepFailedException: Call Test Case 'Test Cases/Test Reutilisable/Main/Creer Votre Compte' failed
	at com.kms.katalon.core.keyword.builtin.CallTestCaseKeyword$_callTestCase_closure1.doCall(CallTestCaseKeyword.groovy:63)
	at com.kms.katalon.core.keyword.builtin.CallTestCaseKeyword$_callTestCase_closure1.call(CallTestCaseKeyword.groovy)
	at com.kms.katalon.core.keyword.internal.KeywordMain.runKeyword(KeywordMain.groovy:75)
	at com.kms.katalon.core.keyword.builtin.CallTestCaseKeyword.callTestCase(CallTestCaseKeyword.groovy:81)
	at com.kms.katalon.core.keyword.builtin.CallTestCaseKeyword.execute(CallTestCaseKeyword.groovy:44)
	at com.kms.katalon.core.keyword.internal.KeywordExecutor.executeKeywordForPlatform(KeywordExecutor.groovy:74)
	at com.kms.katalon.core.keyword.BuiltinKeywords.callTestCase(BuiltinKeywords.groovy:310)
	at com.kazurayam.ksbackyard.HighlightElement$_pandemic_closure1.doCall(HighlightElement.groovy:105)
	at TNR R.TSPT Supp90-Etudiant.run(TNR R.TSPT Supp90-Etudiant:30)
	at com.kms.katalon.core.main.ScriptEngine.run(ScriptEngine.java:194)
	at com.kms.katalon.core.main.ScriptEngine.runScriptAsRawText(ScriptEngine.java:119)
	at com.kms.katalon.core.main.TestCaseExecutor.runScript(TestCaseExecutor.java:448)
	at com.kms.katalon.core.main.TestCaseExecutor.doExecute(TestCaseExecutor.java:439)
	at com.kms.katalon.core.main.TestCaseExecutor.processExecutionPhase(TestCaseExecutor.java:418)
	at com.kms.katalon.core.main.TestCaseExecutor.accessMainPhase(TestCaseExecutor.java:410)
	at com.kms.katalon.core.main.TestCaseExecutor.execute(TestCaseExecutor.java:285)
	at com.kms.katalon.core.common.CommonExecutor.accessTestCaseMainPhase(CommonExecutor.java:65)
	at com.kms.katalon.core.main.TestSuiteExecutor.accessTestSuiteMainPhase(TestSuiteExecutor.java:148)
	at com.kms.katalon.core.main.TestSuiteExecutor.execute(TestSuiteExecutor.java:106)
	at com.kms.katalon.core.main.TestCaseMain.startTestSuite(TestCaseMain.java:187)
	at com.kms.katalon.core.main.TestCaseMain$startTestSuite$0.call(Unknown Source)
	at TempTestSuite1701704118658.run(TempTestSuite1701704118658.groovy:36)
Caused by: com.kms.katalon.core.exception.StepFailedException: Unable to click on object 'Object Repository/Connexion Usager/Link_Creer Votre Compte'
	at com.kms.katalon.core.webui.keyword.internal.WebUIKeywordMain.stepFailed(WebUIKeywordMain.groovy:64)
	at com.kms.katalon.core.webui.keyword.internal.WebUIKeywordMain.runKeyword(WebUIKeywordMain.groovy:26)
	at com.kms.katalon.core.webui.keyword.builtin.ClickKeyword.click(ClickKeyword.groovy:74)
	at com.kms.katalon.core.webui.keyword.builtin.ClickKeyword.execute(ClickKeyword.groovy:40)
	at com.kms.katalon.core.keyword.internal.KeywordExecutor.executeKeywordForPlatform(KeywordExecutor.groovy:74)
	at com.kms.katalon.core.webui.keyword.WebUiBuiltInKeywords.click(WebUiBuiltInKeywords.groovy:620)
	at com.kazurayam.ksbackyard.HighlightElement$_pandemic_closure1.doCall(HighlightElement.groovy:105)
	at Creer Votre Compte.run(Creer Votre Compte:80)
	at com.kms.katalon.core.main.ScriptEngine.run(ScriptEngine.java:194)
	at com.kms.katalon.core.main.ScriptEngine.runScriptAsRawText(ScriptEngine.java:119)
	at com.kms.katalon.core.main.TestCaseExecutor.runScript(TestCaseExecutor.java:448)
	at com.kms.katalon.core.main.TestCaseExecutor.doExecute(TestCaseExecutor.java:439)
	at com.kms.katalon.core.main.TestCaseExecutor.processExecutionPhase(TestCaseExecutor.java:418)
	at com.kms.katalon.core.main.TestCaseExecutor.accessMainPhase(TestCaseExecutor.java:410)
	at com.kms.katalon.core.main.TestCaseExecutor.execute(TestCaseExecutor.java:285)
	at com.kms.katalon.core.main.TestCaseMain.runTestCase(TestCaseMain.java:144)
	at com.kms.katalon.core.keyword.builtin.CallTestCaseKeyword$_callTestCase_closure1.doCall(CallTestCaseKeyword.groovy:59)
	... 21 more
Caused by: com.kms.katalon.core.webui.exception.WebElementNotFoundException: Web element with id: 'Object Repository/Connexion Usager/Link_Creer Votre Compte' located by '/html/body/div/main/div[2]/a' not found
	at com.kms.katalon.core.webui.common.WebUiCommonHelper.findWebElement(WebUiCommonHelper.java:1381)
	at com.kms.katalon.core.webui.keyword.internal.WebUIAbstractKeyword.findWebElement(WebUIAbstractKeyword.groovy:27)
	at com.kms.katalon.core.webui.keyword.builtin.ClickKeyword$_click_closure1.doCall(ClickKeyword.groovy:65)
	at com.kms.katalon.core.webui.keyword.builtin.ClickKeyword$_click_closure1.call(ClickKeyword.groovy)
	at com.kms.katalon.core.webui.keyword.internal.WebUIKeywordMain.runKeyword(WebUIKeywordMain.groovy:20)
	... 36 more
)

2023-12-04 16:36:04 - [MESSAGE][INFO] - Checking called Test Case

2023-12-04 16:36:04 - [MESSAGE][INFO] - Starting to call Test Case 'Test Cases/Test Reutilisable/Main/Creer Votre Compte'

2023-12-04 16:36:05 - [TEST_CASE][FAILED] - Test Cases/Test Reutilisable/Main/Creer Votre Compte: Test Cases/Test Reutilisable/Main/Creer Votre Compte FAILED.
Reason:
com.kms.katalon.core.exception.StepFailedException: Unable to click on object 'Object Repository/Connexion Usager/Link_Creer Votre Compte'
	at com.kms.katalon.core.webui.keyword.internal.WebUIKeywordMain.stepFailed(WebUIKeywordMain.groovy:64)
	at com.kms.katalon.core.webui.keyword.internal.WebUIKeywordMain.runKeyword(WebUIKeywordMain.groovy:26)
	at com.kms.katalon.core.webui.keyword.builtin.ClickKeyword.click(ClickKeyword.groovy:74)
	at com.kms.katalon.core.webui.keyword.builtin.ClickKeyword.execute(ClickKeyword.groovy:40)
	at com.kms.katalon.core.keyword.internal.KeywordExecutor.executeKeywordForPlatform(KeywordExecutor.groovy:74)
	at com.kms.katalon.core.webui.keyword.WebUiBuiltInKeywords.click(WebUiBuiltInKeywords.groovy:620)
	at com.kazurayam.ksbackyard.HighlightElement$_pandemic_closure1.doCall(HighlightElement.groovy:105)
	at Creer Votre Compte.run(Creer Votre Compte:80)
	at com.kms.katalon.core.main.ScriptEngine.run(ScriptEngine.java:194)
	at com.kms.katalon.core.main.ScriptEngine.runScriptAsRawText(ScriptEngine.java:119)
	at com.kms.katalon.core.main.TestCaseExecutor.runScript(TestCaseExecutor.java:448)
	at com.kms.katalon.core.main.TestCaseExecutor.doExecute(TestCaseExecutor.java:439)
	at com.kms.katalon.core.main.TestCaseExecutor.processExecutionPhase(TestCaseExecutor.java:418)
	at com.kms.katalon.core.main.TestCaseExecutor.accessMainPhase(TestCaseExecutor.java:410)
	at com.kms.katalon.core.main.TestCaseExecutor.execute(TestCaseExecutor.java:285)
	at com.kms.katalon.core.main.TestCaseMain.runTestCase(TestCaseMain.java:144)
	at com.kms.katalon.core.keyword.builtin.CallTestCaseKeyword$_callTestCase_closure1.doCall(CallTestCaseKeyword.groovy:59)
	at com.kms.katalon.core.keyword.builtin.CallTestCaseKeyword$_callTestCase_closure1.call(CallTestCaseKeyword.groovy)
	at com.kms.katalon.core.keyword.internal.KeywordMain.runKeyword(KeywordMain.groovy:75)
	at com.kms.katalon.core.keyword.builtin.CallTestCaseKeyword.callTestCase(CallTestCaseKeyword.groovy:81)
	at com.kms.katalon.core.keyword.builtin.CallTestCaseKeyword.execute(CallTestCaseKeyword.groovy:44)
	at com.kms.katalon.core.keyword.internal.KeywordExecutor.executeKeywordForPlatform(KeywordExecutor.groovy:74)
	at com.kms.katalon.core.keyword.BuiltinKeywords.callTestCase(BuiltinKeywords.groovy:310)
	at com.kazurayam.ksbackyard.HighlightElement$_pandemic_closure1.doCall(HighlightElement.groovy:105)
	at TNR R.TSPT Supp90-Etudiant.run(TNR R.TSPT Supp90-Etudiant:30)
	at com.kms.katalon.core.main.ScriptEngine.run(ScriptEngine.java:194)
	at com.kms.katalon.core.main.ScriptEngine.runScriptAsRawText(ScriptEngine.java:119)
	at com.kms.katalon.core.main.TestCaseExecutor.runScript(TestCaseExecutor.java:448)
	at com.kms.katalon.core.main.TestCaseExecutor.doExecute(TestCaseExecutor.java:439)
	at com.kms.katalon.core.main.TestCaseExecutor.processExecutionPhase(TestCaseExecutor.java:418)
	at com.kms.katalon.core.main.TestCaseExecutor.accessMainPhase(TestCaseExecutor.java:410)
	at com.kms.katalon.core.main.TestCaseExecutor.execute(TestCaseExecutor.java:285)
	at com.kms.katalon.core.common.CommonExecutor.accessTestCaseMainPhase(CommonExecutor.java:65)
	at com.kms.katalon.core.main.TestSuiteExecutor.accessTestSuiteMainPhase(TestSuiteExecutor.java:148)
	at com.kms.katalon.core.main.TestSuiteExecutor.execute(TestSuiteExecutor.java:106)
	at com.kms.katalon.core.main.TestCaseMain.startTestSuite(TestCaseMain.java:187)
	at com.kms.katalon.core.main.TestCaseMain$startTestSuite$0.call(Unknown Source)
	at TempTestSuite1701704118658.run(TempTestSuite1701704118658.groovy:36)
Caused by: com.kms.katalon.core.webui.exception.WebElementNotFoundException: Web element with id: 'Object Repository/Connexion Usager/Link_Creer Votre Compte' located by '/html/body/div/main/div[2]/a' not found
	at com.kms.katalon.core.webui.common.WebUiCommonHelper.findWebElement(WebUiCommonHelper.java:1381)
	at com.kms.katalon.core.webui.keyword.internal.WebUIAbstractKeyword.findWebElement(WebUIAbstractKeyword.groovy:27)
	at com.kms.katalon.core.webui.keyword.builtin.ClickKeyword$_click_closure1.doCall(ClickKeyword.groovy:65)
	at com.kms.katalon.core.webui.keyword.builtin.ClickKeyword$_click_closure1.call(ClickKeyword.groovy)
	at com.kms.katalon.core.webui.keyword.internal.WebUIKeywordMain.runKeyword(WebUIKeywordMain.groovy:20)
	... 36 more


2023-12-04 16:36:06 - [TEST_STEP][PASSED] - "waiting for the number of elements in the DOM to stop changing": null

2023-12-04 16:36:06 - [TEST_STEP][PASSED] - com.kazurayam.ksbackyard.HighlightElement.pandemic(): com.kazurayam.ksbackyard.HighlightElement.pandemic is PASSED

2023-12-04 16:36:06 - [MESSAGE][PASSED] - com.kazurayam.ksbackyard.HighlightElement.pandemic is PASSED

2023-12-04 16:36:06 - [TEST_STEP][PASSED] - waitForPageLoad(5): Wait for page load successfully

2023-12-04 16:36:06 - [MESSAGE][INFO] - Checking timeout

2023-12-04 16:36:06 - [MESSAGE][PASSED] - Wait for page load successfully

2023-12-04 16:36:06 - [TEST_STEP][PASSED] - click(findTestObject("Object Repository/Connexion Usager/Link_Se Connecter")): Object: 'Object Repository/Connexion Usager/Link_Se Connecter' is clicked on

2023-12-04 16:36:06 - [MESSAGE][INFO] - Finding Test Object 'Object Repository/Connexion Usager/Link_Se Connecter'

2023-12-04 16:36:07 - [MESSAGE][INFO] - Checking timeout

2023-12-04 16:36:07 - [MESSAGE][INFO] - Finding web element with id: 'Object Repository/Connexion Usager/Link_Se Connecter' located by 'By.xpath: //*[@id="connexion_link"]' in '20' second(s)

2023-12-04 16:36:07 - [MESSAGE][INFO] - Smart Wait Function is triggered

2023-12-04 16:36:07 - [MESSAGE][INFO] - Found 1 web elements with id: 'Object Repository/Connexion Usager/Link_Se Connecter' located by 'By.xpath: //*[@id="connexion_link"]' in '20' second(s)

2023-12-04 16:36:07 - [MESSAGE][INFO] - Checking object

2023-12-04 16:36:07 - [MESSAGE][INFO] - Checking timeout

2023-12-04 16:36:07 - [MESSAGE][INFO] - Finding web element from Test Object's properties

2023-12-04 16:36:07 - [MESSAGE][INFO] - Checking timeout

2023-12-04 16:36:07 - [MESSAGE][INFO] - Finding web element with id: 'Object Repository/Connexion Usager/Link_Se Connecter' located by 'By.xpath: //*[@id="connexion_link"]' in '5' second(s)

2023-12-04 16:36:07 - [MESSAGE][INFO] - Smart Wait Function is triggered

2023-12-04 16:36:07 - [MESSAGE][INFO] - Found 1 web elements with id: 'Object Repository/Connexion Usager/Link_Se Connecter' located by 'By.xpath: //*[@id="connexion_link"]' in '5' second(s)

2023-12-04 16:36:07 - [MESSAGE][INFO] - Clicking on object: 'Object Repository/Connexion Usager/Link_Se Connecter'

2023-12-04 16:36:09 - [MESSAGE][PASSED] - Object: 'Object Repository/Connexion Usager/Link_Se Connecter' is clicked on

2023-12-04 16:36:09 - [TEST_STEP][PASSED] - if (EnvExec == "URL_ANEFQualif"): Call Test Case 'Test Cases/Test Reutilisable/Main/Erreur lie a la confidentialite' successfully

2023-12-04 16:36:09 - [TEST_STEP][PASSED] - callTestCase(findTestCase("Test Reutilisable/Main/Erreur lie a la confidentialite"), [:], STOP_ON_FAILURE): Call Test Case 'Test Cases/Test Reutilisable/Main/Erreur lie a la confidentialite' successfully

2023-12-04 16:36:09 - [MESSAGE][INFO] - Checking called Test Case

2023-12-04 16:36:09 - [MESSAGE][INFO] - Starting to call Test Case 'Test Cases/Test Reutilisable/Main/Erreur lie a la confidentialite'

2023-12-04 16:36:09 - [TEST_CASE][PASSED] - Test Cases/Test Reutilisable/Main/Erreur lie a la confidentialite: Test Cases/Test Reutilisable/Main/Erreur lie a la confidentialite

2023-12-04 16:36:09 - [TEST_STEP][PASSED] - tools.WaitForLoadedPage.waitForElementRendering(): tools.WaitForLoadedPage.waitForElementRendering is PASSED

2023-12-04 16:36:09 - [MESSAGE][PASSED] - tools.WaitForLoadedPage.waitForElementRendering is PASSED

2023-12-04 16:36:09 - [TEST_STEP][PASSED] - "Call Highlight.on() automatically": null

2023-12-04 16:36:09 - [TEST_STEP][PASSED] - DriverName = DriverName: null

2023-12-04 16:36:09 - [TEST_STEP][PASSED] - if (DriverName == "CHROME_DRIVER" || "EDGE_CHROMIUM_DRIVER" || "HEADLESS_DRIVER"): null

2023-12-04 16:36:09 - [TEST_STEP][PASSED] - if (verifyElementPresent(findTestObject("Object Repository/Connexion Usager/Btn_Parametres Avances"), 2, OPTIONAL)): null

2023-12-04 16:36:09 - [MESSAGE][INFO] - Finding Test Object 'Object Repository/Connexion Usager/Btn_Parametres Avances'

2023-12-04 16:36:09 - [MESSAGE][INFO] - Checking object

2023-12-04 16:36:09 - [MESSAGE][INFO] - Finding web element from Test Object's properties

2023-12-04 16:36:09 - [MESSAGE][INFO] - Checking timeout

2023-12-04 16:36:09 - [MESSAGE][INFO] - Finding web element with id: 'Object Repository/Connexion Usager/Btn_Parametres Avances' located by 'By.xpath: //*[@id="details-button"]' in '2' second(s)

2023-12-04 16:36:09 - [MESSAGE][INFO] - Smart Wait Function is triggered

2023-12-04 16:36:09 - [MESSAGE][INFO] - Found 1 web elements with id: 'Object Repository/Connexion Usager/Btn_Parametres Avances' located by 'By.xpath: //*[@id="details-button"]' in '2' second(s)

2023-12-04 16:36:09 - [MESSAGE][PASSED] - Object 'Object Repository/Connexion Usager/Btn_Parametres Avances' is present

2023-12-04 16:36:09 - [TEST_STEP][PASSED] - click(findTestObject("Object Repository/Connexion Usager/Btn_Parametres Avances"), OPTIONAL): Object: 'Object Repository/Connexion Usager/Btn_Parametres Avances' is clicked on

2023-12-04 16:36:09 - [MESSAGE][INFO] - Finding Test Object 'Object Repository/Connexion Usager/Btn_Parametres Avances'

2023-12-04 16:36:10 - [MESSAGE][INFO] - Checking timeout

2023-12-04 16:36:10 - [MESSAGE][INFO] - Finding web element with id: 'Object Repository/Connexion Usager/Btn_Parametres Avances' located by 'By.xpath: //*[@id="details-button"]' in '20' second(s)

2023-12-04 16:36:10 - [MESSAGE][INFO] - Smart Wait Function is triggered

2023-12-04 16:36:10 - [MESSAGE][INFO] - Found 1 web elements with id: 'Object Repository/Connexion Usager/Btn_Parametres Avances' located by 'By.xpath: //*[@id="details-button"]' in '20' second(s)

2023-12-04 16:36:10 - [MESSAGE][INFO] - Checking object

2023-12-04 16:36:10 - [MESSAGE][INFO] - Checking timeout

2023-12-04 16:36:10 - [MESSAGE][INFO] - Finding web element from Test Object's properties

2023-12-04 16:36:10 - [MESSAGE][INFO] - Checking timeout

2023-12-04 16:36:10 - [MESSAGE][INFO] - Finding web element with id: 'Object Repository/Connexion Usager/Btn_Parametres Avances' located by 'By.xpath: //*[@id="details-button"]' in '5' second(s)

2023-12-04 16:36:10 - [MESSAGE][INFO] - Smart Wait Function is triggered

2023-12-04 16:36:10 - [MESSAGE][INFO] - Found 1 web elements with id: 'Object Repository/Connexion Usager/Btn_Parametres Avances' located by 'By.xpath: //*[@id="details-button"]' in '5' second(s)

2023-12-04 16:36:10 - [MESSAGE][INFO] - Clicking on object: 'Object Repository/Connexion Usager/Btn_Parametres Avances'

2023-12-04 16:36:12 - [MESSAGE][PASSED] - Object: 'Object Repository/Connexion Usager/Btn_Parametres Avances' is clicked on

2023-12-04 16:36:12 - [TEST_STEP][PASSED] - click(findTestObject("Object Repository/Connexion Usager/Link_Proceed-Link"), OPTIONAL): Object: 'Object Repository/Connexion Usager/Link_Proceed-Link' is clicked on

2023-12-04 16:36:12 - [MESSAGE][INFO] - Finding Test Object 'Object Repository/Connexion Usager/Link_Proceed-Link'

2023-12-04 16:36:12 - [MESSAGE][INFO] - Checking timeout

2023-12-04 16:36:12 - [MESSAGE][INFO] - Finding web element with id: 'Object Repository/Connexion Usager/Link_Proceed-Link' located by 'By.xpath: //*[@id="proceed-link"]' in '20' second(s)

2023-12-04 16:36:12 - [MESSAGE][INFO] - Smart Wait Function is triggered

2023-12-04 16:36:12 - [MESSAGE][INFO] - Found 1 web elements with id: 'Object Repository/Connexion Usager/Link_Proceed-Link' located by 'By.xpath: //*[@id="proceed-link"]' in '20' second(s)

2023-12-04 16:36:12 - [MESSAGE][INFO] - Checking object

2023-12-04 16:36:12 - [MESSAGE][INFO] - Checking timeout

2023-12-04 16:36:12 - [MESSAGE][INFO] - Finding web element from Test Object's properties

2023-12-04 16:36:12 - [MESSAGE][INFO] - Checking timeout

2023-12-04 16:36:12 - [MESSAGE][INFO] - Finding web element with id: 'Object Repository/Connexion Usager/Link_Proceed-Link' located by 'By.xpath: //*[@id="proceed-link"]' in '5' second(s)

2023-12-04 16:36:12 - [MESSAGE][INFO] - Smart Wait Function is triggered

2023-12-04 16:36:12 - [MESSAGE][INFO] - Found 1 web elements with id: 'Object Repository/Connexion Usager/Link_Proceed-Link' located by 'By.xpath: //*[@id="proceed-link"]' in '5' second(s)

2023-12-04 16:36:12 - [MESSAGE][INFO] - Clicking on object: 'Object Repository/Connexion Usager/Link_Proceed-Link'

2023-12-04 16:36:14 - [MESSAGE][PASSED] - Object: 'Object Repository/Connexion Usager/Link_Proceed-Link' is clicked on

2023-12-04 16:36:14 - [TEST_STEP][PASSED] - if (DriverName == "IE_DRIVER"): null

2023-12-04 16:36:14 - [TEST_STEP][PASSED] - delay(3): Delayed 3 second(s)

2023-12-04 16:36:14 - [MESSAGE][INFO] - Delaying browser in 3 second(s)

2023-12-04 16:36:17 - [MESSAGE][PASSED] - Delayed 3 second(s)

2023-12-04 16:36:17 - [MESSAGE][PASSED] - Call Test Case 'Test Cases/Test Reutilisable/Main/Erreur lie a la confidentialite' successfully

2023-12-04 16:36:17 - [TEST_STEP][FAILED] - click(findTestObject("Object Repository/Connexion Usager/Link_Creer Votre Compte")): Unable to click on object 'Object Repository/Connexion Usager/Link_Creer Votre Compte' (Root cause: com.kms.katalon.core.exception.StepFailedException: Unable to click on object 'Object Repository/Connexion Usager/Link_Creer Votre Compte'
	at com.kms.katalon.core.webui.keyword.internal.WebUIKeywordMain.stepFailed(WebUIKeywordMain.groovy:64)
	at com.kms.katalon.core.webui.keyword.internal.WebUIKeywordMain.runKeyword(WebUIKeywordMain.groovy:26)
	at com.kms.katalon.core.webui.keyword.builtin.ClickKeyword.click(ClickKeyword.groovy:74)
	at com.kms.katalon.core.webui.keyword.builtin.ClickKeyword.execute(ClickKeyword.groovy:40)
	at com.kms.katalon.core.keyword.internal.KeywordExecutor.executeKeywordForPlatform(KeywordExecutor.groovy:74)
	at com.kms.katalon.core.webui.keyword.WebUiBuiltInKeywords.click(WebUiBuiltInKeywords.groovy:620)
	at com.kazurayam.ksbackyard.HighlightElement$_pandemic_closure1.doCall(HighlightElement.groovy:105)
	at Creer Votre Compte.run(Creer Votre Compte:80)
	at com.kms.katalon.core.main.ScriptEngine.run(ScriptEngine.java:194)
	at com.kms.katalon.core.main.ScriptEngine.runScriptAsRawText(ScriptEngine.java:119)
	at com.kms.katalon.core.main.TestCaseExecutor.runScript(TestCaseExecutor.java:448)
	at com.kms.katalon.core.main.TestCaseExecutor.doExecute(TestCaseExecutor.java:439)
	at com.kms.katalon.core.main.TestCaseExecutor.processExecutionPhase(TestCaseExecutor.java:418)
	at com.kms.katalon.core.main.TestCaseExecutor.accessMainPhase(TestCaseExecutor.java:410)
	at com.kms.katalon.core.main.TestCaseExecutor.execute(TestCaseExecutor.java:285)
	at com.kms.katalon.core.main.TestCaseMain.runTestCase(TestCaseMain.java:144)
	at com.kms.katalon.core.keyword.builtin.CallTestCaseKeyword$_callTestCase_closure1.doCall(CallTestCaseKeyword.groovy:59)
	at com.kms.katalon.core.keyword.builtin.CallTestCaseKeyword$_callTestCase_closure1.call(CallTestCaseKeyword.groovy)
	at com.kms.katalon.core.keyword.internal.KeywordMain.runKeyword(KeywordMain.groovy:75)
	at com.kms.katalon.core.keyword.builtin.CallTestCaseKeyword.callTestCase(CallTestCaseKeyword.groovy:81)
	at com.kms.katalon.core.keyword.builtin.CallTestCaseKeyword.execute(CallTestCaseKeyword.groovy:44)
	at com.kms.katalon.core.keyword.internal.KeywordExecutor.executeKeywordForPlatform(KeywordExecutor.groovy:74)
	at com.kms.katalon.core.keyword.BuiltinKeywords.callTestCase(BuiltinKeywords.groovy:310)
	at com.kazurayam.ksbackyard.HighlightElement$_pandemic_closure1.doCall(HighlightElement.groovy:105)
	at TNR R.TSPT Supp90-Etudiant.run(TNR R.TSPT Supp90-Etudiant:30)
	at com.kms.katalon.core.main.ScriptEngine.run(ScriptEngine.java:194)
	at com.kms.katalon.core.main.ScriptEngine.runScriptAsRawText(ScriptEngine.java:119)
	at com.kms.katalon.core.main.TestCaseExecutor.runScript(TestCaseExecutor.java:448)
	at com.kms.katalon.core.main.TestCaseExecutor.doExecute(TestCaseExecutor.java:439)
	at com.kms.katalon.core.main.TestCaseExecutor.processExecutionPhase(TestCaseExecutor.java:418)
	at com.kms.katalon.core.main.TestCaseExecutor.accessMainPhase(TestCaseExecutor.java:410)
	at com.kms.katalon.core.main.TestCaseExecutor.execute(TestCaseExecutor.java:285)
	at com.kms.katalon.core.common.CommonExecutor.accessTestCaseMainPhase(CommonExecutor.java:65)
	at com.kms.katalon.core.main.TestSuiteExecutor.accessTestSuiteMainPhase(TestSuiteExecutor.java:148)
	at com.kms.katalon.core.main.TestSuiteExecutor.execute(TestSuiteExecutor.java:106)
	at com.kms.katalon.core.main.TestCaseMain.startTestSuite(TestCaseMain.java:187)
	at com.kms.katalon.core.main.TestCaseMain$startTestSuite$0.call(Unknown Source)
	at TempTestSuite1701704118658.run(TempTestSuite1701704118658.groovy:36)
Caused by: com.kms.katalon.core.webui.exception.WebElementNotFoundException: Web element with id: 'Object Repository/Connexion Usager/Link_Creer Votre Compte' located by '/html/body/div/main/div[2]/a' not found
	at com.kms.katalon.core.webui.common.WebUiCommonHelper.findWebElement(WebUiCommonHelper.java:1381)
	at com.kms.katalon.core.webui.keyword.internal.WebUIAbstractKeyword.findWebElement(WebUIAbstractKeyword.groovy:27)
	at com.kms.katalon.core.webui.keyword.builtin.ClickKeyword$_click_closure1.doCall(ClickKeyword.groovy:65)
	at com.kms.katalon.core.webui.keyword.builtin.ClickKeyword$_click_closure1.call(ClickKeyword.groovy)
	at com.kms.katalon.core.webui.keyword.internal.WebUIKeywordMain.runKeyword(WebUIKeywordMain.groovy:20)
	at com.kms.katalon.core.webui.keyword.builtin.ClickKeyword.click(ClickKeyword.groovy:74)
	at com.kms.katalon.core.webui.keyword.builtin.ClickKeyword.execute(ClickKeyword.groovy:40)
	at com.kms.katalon.core.keyword.internal.KeywordExecutor.executeKeywordForPlatform(KeywordExecutor.groovy:74)
	at com.kms.katalon.core.webui.keyword.WebUiBuiltInKeywords.click(WebUiBuiltInKeywords.groovy:620)
	at com.kazurayam.ksbackyard.HighlightElement$_pandemic_closure1.doCall(HighlightElement.groovy:105)
	at Script1695813849145.run(Script1695813849145.groovy:80)
	at com.kms.katalon.core.main.ScriptEngine.run(ScriptEngine.java:194)
	at com.kms.katalon.core.main.ScriptEngine.runScriptAsRawText(ScriptEngine.java:119)
	at com.kms.katalon.core.main.TestCaseExecutor.runScript(TestCaseExecutor.java:448)
	at com.kms.katalon.core.main.TestCaseExecutor.doExecute(TestCaseExecutor.java:439)
	at com.kms.katalon.core.main.TestCaseExecutor.processExecutionPhase(TestCaseExecutor.java:418)
	at com.kms.katalon.core.main.TestCaseExecutor.accessMainPhase(TestCaseExecutor.java:410)
	at com.kms.katalon.core.main.TestCaseExecutor.execute(TestCaseExecutor.java:285)
	at com.kms.katalon.core.main.TestCaseMain.runTestCase(TestCaseMain.java:144)
	at com.kms.katalon.core.keyword.builtin.CallTestCaseKeyword$_callTestCase_closure1.doCall(CallTestCaseKeyword.groovy:59)
	at com.kms.katalon.core.keyword.builtin.CallTestCaseKeyword$_callTestCase_closure1.call(CallTestCaseKeyword.groovy)
	at com.kms.katalon.core.keyword.internal.KeywordMain.runKeyword(KeywordMain.groovy:75)
	at com.kms.katalon.core.keyword.builtin.CallTestCaseKeyword.callTestCase(CallTestCaseKeyword.groovy:81)
	at com.kms.katalon.core.keyword.builtin.CallTestCaseKeyword.execute(CallTestCaseKeyword.groovy:44)
	at com.kms.katalon.core.keyword.internal.KeywordExecutor.executeKeywordForPlatform(KeywordExecutor.groovy:74)
	at com.kms.katalon.core.keyword.BuiltinKeywords.callTestCase(BuiltinKeywords.groovy:310)
	at com.kazurayam.ksbackyard.HighlightElement$_pandemic_closure1.doCall(HighlightElement.groovy:105)
	at Script1697546404945.run(Script1697546404945.groovy:30)
	... 13 more
)

2023-12-04 16:36:17 - [MESSAGE][INFO] - Finding Test Object 'Object Repository/Connexion Usager/Link_Creer Votre Compte'

2023-12-04 16:36:17 - [MESSAGE][INFO] - Checking timeout

2023-12-04 16:36:17 - [MESSAGE][INFO] - Finding web element with id: 'Object Repository/Connexion Usager/Link_Creer Votre Compte' located by 'By.xpath: /html/body/div/main/div[2]/a' in '20' second(s)

2023-12-04 16:36:17 - [MESSAGE][INFO] - Smart Wait Function is triggered

2023-12-04 16:36:17 - [MESSAGE][INFO] - Smart Wait Function is triggered

2023-12-04 16:36:17 - [MESSAGE][INFO] - Smart Wait Function is triggered

2023-12-04 16:36:17 - [MESSAGE][INFO] - Smart Wait Function is triggered

2023-12-04 16:36:18 - [MESSAGE][INFO] - Smart Wait Function is triggered

2023-12-04 16:36:18 - [MESSAGE][INFO] - Smart Wait Function is triggered

2023-12-04 16:36:18 - [MESSAGE][INFO] - Smart Wait Function is triggered

2023-12-04 16:36:18 - [MESSAGE][INFO] - Smart Wait Function is triggered

2023-12-04 16:36:18 - [MESSAGE][INFO] - Smart Wait Function is triggered

2023-12-04 16:36:18 - [MESSAGE][INFO] - Smart Wait Function is triggered

2023-12-04 16:36:18 - [MESSAGE][INFO] - Smart Wait Function is triggered

2023-12-04 16:36:18 - [MESSAGE][INFO] - Smart Wait Function is triggered

2023-12-04 16:36:18 - [MESSAGE][INFO] - Smart Wait Function is triggered

2023-12-04 16:36:18 - [MESSAGE][INFO] - Smart Wait Function is triggered

2023-12-04 16:36:18 - [MESSAGE][INFO] - Smart Wait Function is triggered

2023-12-04 16:36:18 - [MESSAGE][INFO] - Smart Wait Function is triggered

2023-12-04 16:36:18 - [MESSAGE][INFO] - Smart Wait Function is triggered

2023-12-04 16:36:18 - [MESSAGE][INFO] - Smart Wait Function is triggered

2023-12-04 16:36:18 - [MESSAGE][INFO] - Smart Wait Function is triggered

2023-12-04 16:36:18 - [MESSAGE][INFO] - Smart Wait Function is triggered

2023-12-04 16:36:18 - [MESSAGE][INFO] - Smart Wait Function is triggered

2023-12-04 16:36:18 - [MESSAGE][INFO] - Smart Wait Function is triggered

2023-12-04 16:36:18 - [MESSAGE][INFO] - Smart Wait Function is triggered

2023-12-04 16:36:18 - [MESSAGE][INFO] - Smart Wait Function is triggered

2023-12-04 16:36:18 - [MESSAGE][INFO] - Smart Wait Function is triggered

2023-12-04 16:36:18 - [MESSAGE][INFO] - Smart Wait Function is triggered

2023-12-04 16:36:18 - [MESSAGE][INFO] - Smart Wait Function is triggered

2023-12-04 16:36:19 - [MESSAGE][INFO] - Smart Wait Function is triggered

2023-12-04 16:36:19 - [MESSAGE][INFO] - Smart Wait Function is triggered

2023-12-04 16:36:19 - [MESSAGE][INFO] - Smart Wait Function is triggered

2023-12-04 16:36:19 - [MESSAGE][INFO] - Smart Wait Function is triggered

2023-12-04 16:36:19 - [MESSAGE][INFO] - Smart Wait Function is triggered

2023-12-04 16:36:19 - [MESSAGE][INFO] - Smart Wait Function is triggered

2023-12-04 16:36:19 - [MESSAGE][INFO] - Smart Wait Function is triggered

2023-12-04 16:36:19 - [MESSAGE][INFO] - Smart Wait Function is triggered

2023-12-04 16:36:19 - [MESSAGE][INFO] - Smart Wait Function is triggered

2023-12-04 16:36:19 - [MESSAGE][INFO] - Smart Wait Function is triggered

2023-12-04 16:36:19 - [MESSAGE][INFO] - Smart Wait Function is triggered

2023-12-04 16:36:19 - [MESSAGE][INFO] - Smart Wait Function is triggered

2023-12-04 16:36:19 - [MESSAGE][INFO] - Smart Wait Function is triggered

2023-12-04 16:36:19 - [MESSAGE][INFO] - Smart Wait Function is triggered

2023-12-04 16:36:19 - [MESSAGE][INFO] - Smart Wait Function is triggered

2023-12-04 16:36:19 - [MESSAGE][INFO] - Smart Wait Function is triggered

2023-12-04 16:36:19 - [MESSAGE][INFO] - Smart Wait Function is triggered

2023-12-04 16:36:19 - [MESSAGE][INFO] - Smart Wait Function is triggered

2023-12-04 16:36:19 - [MESSAGE][INFO] - Smart Wait Function is triggered

2023-12-04 16:36:19 - [MESSAGE][INFO] - Smart Wait Function is triggered

2023-12-04 16:36:19 - [MESSAGE][INFO] - Smart Wait Function is triggered

2023-12-04 16:36:19 - [MESSAGE][INFO] - Smart Wait Function is triggered

2023-12-04 16:36:19 - [MESSAGE][INFO] - Smart Wait Function is triggered

2023-12-04 16:36:19 - [MESSAGE][INFO] - Smart Wait Function is triggered

2023-12-04 16:36:20 - [MESSAGE][INFO] - Smart Wait Function is triggered

2023-12-04 16:36:20 - [MESSAGE][INFO] - Smart Wait Function is triggered

2023-12-04 16:36:20 - [MESSAGE][INFO] - Smart Wait Function is triggered

2023-12-04 16:36:20 - [MESSAGE][INFO] - Smart Wait Function is triggered

2023-12-04 16:36:20 - [MESSAGE][INFO] - Smart Wait Function is triggered

2023-12-04 16:36:20 - [MESSAGE][INFO] - Smart Wait Function is triggered

2023-12-04 16:36:20 - [MESSAGE][INFO] - Smart Wait Function is triggered

2023-12-04 16:36:20 - [MESSAGE][INFO] - Smart Wait Function is triggered

2023-12-04 16:36:20 - [MESSAGE][INFO] - Smart Wait Function is triggered

2023-12-04 16:36:20 - [MESSAGE][INFO] - Smart Wait Function is triggered

2023-12-04 16:36:20 - [MESSAGE][INFO] - Smart Wait Function is triggered

2023-12-04 16:36:20 - [MESSAGE][INFO] - Smart Wait Function is triggered

2023-12-04 16:36:20 - [MESSAGE][INFO] - Smart Wait Function is triggered

2023-12-04 16:36:20 - [MESSAGE][INFO] - Smart Wait Function is triggered

2023-12-04 16:36:20 - [MESSAGE][INFO] - Smart Wait Function is triggered

2023-12-04 16:36:20 - [MESSAGE][INFO] - Smart Wait Function is triggered

2023-12-04 16:36:20 - [MESSAGE][INFO] - Smart Wait Function is triggered

2023-12-04 16:36:20 - [MESSAGE][INFO] - Smart Wait Function is triggered

2023-12-04 16:36:20 - [MESSAGE][INFO] - Smart Wait Function is triggered

2023-12-04 16:36:20 - [MESSAGE][INFO] - Smart Wait Function is triggered

2023-12-04 16:36:20 - [MESSAGE][INFO] - Smart Wait Function is triggered

2023-12-04 16:36:20 - [MESSAGE][INFO] - Smart Wait Function is triggered

2023-12-04 16:36:20 - [MESSAGE][INFO] - Smart Wait Function is triggered

2023-12-04 16:36:20 - [MESSAGE][INFO] - Smart Wait Function is triggered

2023-12-04 16:36:20 - [MESSAGE][INFO] - Smart Wait Function is triggered

2023-12-04 16:36:21 - [MESSAGE][INFO] - Smart Wait Function is triggered

2023-12-04 16:36:21 - [MESSAGE][INFO] - Smart Wait Function is triggered

2023-12-04 16:36:21 - [MESSAGE][INFO] - Smart Wait Function is triggered

2023-12-04 16:36:21 - [MESSAGE][INFO] - Smart Wait Function is triggered

2023-12-04 16:36:21 - [MESSAGE][INFO] - Smart Wait Function is triggered

2023-12-04 16:36:21 - [MESSAGE][INFO] - Smart Wait Function is triggered

2023-12-04 16:36:21 - [MESSAGE][INFO] - Smart Wait Function is triggered

2023-12-04 16:36:21 - [MESSAGE][INFO] - Smart Wait Function is triggered

2023-12-04 16:36:21 - [MESSAGE][INFO] - Smart Wait Function is triggered

2023-12-04 16:36:21 - [MESSAGE][INFO] - Smart Wait Function is triggered

2023-12-04 16:36:21 - [MESSAGE][INFO] - Smart Wait Function is triggered

2023-12-04 16:36:21 - [MESSAGE][INFO] - Smart Wait Function is triggered

2023-12-04 16:36:21 - [MESSAGE][INFO] - Smart Wait Function is triggered

2023-12-04 16:36:21 - [MESSAGE][INFO] - Smart Wait Function is triggered

2023-12-04 16:36:21 - [MESSAGE][INFO] - Smart Wait Function is triggered

2023-12-04 16:36:21 - [MESSAGE][INFO] - Smart Wait Function is triggered

2023-12-04 16:36:21 - [MESSAGE][INFO] - Smart Wait Function is triggered

2023-12-04 16:36:21 - [MESSAGE][INFO] - Smart Wait Function is triggered

2023-12-04 16:36:21 - [MESSAGE][INFO] - Smart Wait Function is triggered

2023-12-04 16:36:21 - [MESSAGE][INFO] - Smart Wait Function is triggered

2023-12-04 16:36:21 - [MESSAGE][INFO] - Smart Wait Function is triggered

2023-12-04 16:36:21 - [MESSAGE][INFO] - Smart Wait Function is triggered

2023-12-04 16:36:21 - [MESSAGE][INFO] - Smart Wait Function is triggered

2023-12-04 16:36:22 - [MESSAGE][INFO] - Smart Wait Function is triggered

2023-12-04 16:36:22 - [MESSAGE][INFO] - Smart Wait Function is triggered

2023-12-04 16:36:22 - [MESSAGE][INFO] - Smart Wait Function is triggered

2023-12-04 16:36:22 - [MESSAGE][INFO] - Smart Wait Function is triggered

2023-12-04 16:36:22 - [MESSAGE][INFO] - Smart Wait Function is triggered

2023-12-04 16:36:22 - [MESSAGE][INFO] - Smart Wait Function is triggered

2023-12-04 16:36:22 - [MESSAGE][INFO] - Smart Wait Function is triggered

2023-12-04 16:36:22 - [MESSAGE][INFO] - Smart Wait Function is triggered

2023-12-04 16:36:22 - [MESSAGE][INFO] - Smart Wait Function is triggered

2023-12-04 16:36:22 - [MESSAGE][INFO] - Smart Wait Function is triggered

2023-12-04 16:36:22 - [MESSAGE][INFO] - Smart Wait Function is triggered

2023-12-04 16:36:22 - [MESSAGE][INFO] - Smart Wait Function is triggered

2023-12-04 16:36:22 - [MESSAGE][INFO] - Smart Wait Function is triggered

2023-12-04 16:36:22 - [MESSAGE][INFO] - Smart Wait Function is triggered

2023-12-04 16:36:22 - [MESSAGE][INFO] - Smart Wait Function is triggered

2023-12-04 16:36:22 - [MESSAGE][INFO] - Smart Wait Function is triggered

2023-12-04 16:36:22 - [MESSAGE][INFO] - Smart Wait Function is triggered

2023-12-04 16:36:22 - [MESSAGE][INFO] - Smart Wait Function is triggered

2023-12-04 16:36:22 - [MESSAGE][INFO] - Smart Wait Function is triggered

2023-12-04 16:36:22 - [MESSAGE][INFO] - Smart Wait Function is triggered

2023-12-04 16:36:22 - [MESSAGE][INFO] - Smart Wait Function is triggered

2023-12-04 16:36:22 - [MESSAGE][INFO] - Smart Wait Function is triggered

2023-12-04 16:36:22 - [MESSAGE][INFO] - Smart Wait Function is triggered

2023-12-04 16:36:22 - [MESSAGE][INFO] - Smart Wait Function is triggered

2023-12-04 16:36:23 - [MESSAGE][INFO] - Smart Wait Function is triggered

2023-12-04 16:36:23 - [MESSAGE][INFO] - Smart Wait Function is triggered

2023-12-04 16:36:23 - [MESSAGE][INFO] - Smart Wait Function is triggered

2023-12-04 16:36:23 - [MESSAGE][INFO] - Smart Wait Function is triggered

2023-12-04 16:36:23 - [MESSAGE][INFO] - Smart Wait Function is triggered

2023-12-04 16:36:23 - [MESSAGE][INFO] - Smart Wait Function is triggered

2023-12-04 16:36:23 - [MESSAGE][INFO] - Smart Wait Function is triggered

2023-12-04 16:36:23 - [MESSAGE][INFO] - Smart Wait Function is triggered

2023-12-04 16:36:23 - [MESSAGE][INFO] - Smart Wait Function is triggered

2023-12-04 16:36:23 - [MESSAGE][INFO] - Smart Wait Function is triggered

2023-12-04 16:36:23 - [MESSAGE][INFO] - Smart Wait Function is triggered

2023-12-04 16:36:23 - [MESSAGE][INFO] - Smart Wait Function is triggered

2023-12-04 16:36:23 - [MESSAGE][INFO] - Smart Wait Function is triggered

2023-12-04 16:36:23 - [MESSAGE][INFO] - Smart Wait Function is triggered

2023-12-04 16:36:23 - [MESSAGE][INFO] - Smart Wait Function is triggered

2023-12-04 16:36:23 - [MESSAGE][INFO] - Smart Wait Function is triggered

2023-12-04 16:36:23 - [MESSAGE][INFO] - Smart Wait Function is triggered

2023-12-04 16:36:23 - [MESSAGE][INFO] - Smart Wait Function is triggered

2023-12-04 16:36:23 - [MESSAGE][INFO] - Smart Wait Function is triggered

2023-12-04 16:36:23 - [MESSAGE][INFO] - Smart Wait Function is triggered

2023-12-04 16:36:23 - [MESSAGE][INFO] - Smart Wait Function is triggered

2023-12-04 16:36:23 - [MESSAGE][INFO] - Smart Wait Function is triggered

2023-12-04 16:36:23 - [MESSAGE][INFO] - Smart Wait Function is triggered

2023-12-04 16:36:23 - [MESSAGE][INFO] - Smart Wait Function is triggered

2023-12-04 16:36:23 - [MESSAGE][INFO] - Smart Wait Function is triggered

2023-12-04 16:36:23 - [MESSAGE][INFO] - Smart Wait Function is triggered

2023-12-04 16:36:24 - [MESSAGE][INFO] - Smart Wait Function is triggered

2023-12-04 16:36:24 - [MESSAGE][INFO] - Smart Wait Function is triggered

2023-12-04 16:36:24 - [MESSAGE][INFO] - Smart Wait Function is triggered

2023-12-04 16:36:24 - [MESSAGE][INFO] - Smart Wait Function is triggered

2023-12-04 16:36:24 - [MESSAGE][INFO] - Smart Wait Function is triggered

2023-12-04 16:36:24 - [MESSAGE][INFO] - Smart Wait Function is triggered

2023-12-04 16:36:24 - [MESSAGE][INFO] - Smart Wait Function is triggered

2023-12-04 16:36:24 - [MESSAGE][INFO] - Smart Wait Function is triggered

2023-12-04 16:36:24 - [MESSAGE][INFO] - Smart Wait Function is triggered

2023-12-04 16:36:24 - [MESSAGE][INFO] - Smart Wait Function is triggered

2023-12-04 16:36:24 - [MESSAGE][INFO] - Smart Wait Function is triggered

2023-12-04 16:36:24 - [MESSAGE][INFO] - Smart Wait Function is triggered

2023-12-04 16:36:24 - [MESSAGE][INFO] - Smart Wait Function is triggered

2023-12-04 16:36:24 - [MESSAGE][INFO] - Smart Wait Function is triggered

2023-12-04 16:36:24 - [MESSAGE][INFO] - Smart Wait Function is triggered

2023-12-04 16:36:24 - [MESSAGE][INFO] - Smart Wait Function is triggered

2023-12-04 16:36:24 - [MESSAGE][INFO] - Smart Wait Function is triggered

2023-12-04 16:36:24 - [MESSAGE][INFO] - Smart Wait Function is triggered

2023-12-04 16:36:24 - [MESSAGE][INFO] - Smart Wait Function is triggered

2023-12-04 16:36:24 - [MESSAGE][INFO] - Smart Wait Function is triggered

2023-12-04 16:36:24 - [MESSAGE][INFO] - Smart Wait Function is triggered

2023-12-04 16:36:24 - [MESSAGE][INFO] - Smart Wait Function is triggered

2023-12-04 16:36:24 - [MESSAGE][INFO] - Smart Wait Function is triggered

2023-12-04 16:36:25 - [MESSAGE][INFO] - Smart Wait Function is triggered

2023-12-04 16:36:25 - [MESSAGE][INFO] - Smart Wait Function is triggered

2023-12-04 16:36:25 - [MESSAGE][INFO] - Smart Wait Function is triggered

2023-12-04 16:36:25 - [MESSAGE][INFO] - Smart Wait Function is triggered

2023-12-04 16:36:25 - [MESSAGE][INFO] - Smart Wait Function is triggered

2023-12-04 16:36:25 - [MESSAGE][INFO] - Smart Wait Function is triggered

2023-12-04 16:36:25 - [MESSAGE][INFO] - Smart Wait Function is triggered

2023-12-04 16:36:25 - [MESSAGE][INFO] - Smart Wait Function is triggered

2023-12-04 16:36:25 - [MESSAGE][INFO] - Smart Wait Function is triggered

2023-12-04 16:36:25 - [MESSAGE][INFO] - Smart Wait Function is triggered

2023-12-04 16:36:25 - [MESSAGE][INFO] - Smart Wait Function is triggered

2023-12-04 16:36:25 - [MESSAGE][INFO] - Smart Wait Function is triggered

2023-12-04 16:36:25 - [MESSAGE][INFO] - Smart Wait Function is triggered

2023-12-04 16:36:25 - [MESSAGE][INFO] - Smart Wait Function is triggered

2023-12-04 16:36:25 - [MESSAGE][INFO] - Smart Wait Function is triggered

2023-12-04 16:36:25 - [MESSAGE][INFO] - Smart Wait Function is triggered

2023-12-04 16:36:25 - [MESSAGE][INFO] - Smart Wait Function is triggered

2023-12-04 16:36:25 - [MESSAGE][INFO] - Smart Wait Function is triggered

2023-12-04 16:36:25 - [MESSAGE][INFO] - Smart Wait Function is triggered

2023-12-04 16:36:25 - [MESSAGE][INFO] - Smart Wait Function is triggered

2023-12-04 16:36:25 - [MESSAGE][INFO] - Smart Wait Function is triggered

2023-12-04 16:36:25 - [MESSAGE][INFO] - Smart Wait Function is triggered

2023-12-04 16:36:25 - [MESSAGE][INFO] - Smart Wait Function is triggered

2023-12-04 16:36:26 - [MESSAGE][INFO] - Smart Wait Function is triggered

2023-12-04 16:36:26 - [MESSAGE][INFO] - Smart Wait Function is triggered

2023-12-04 16:36:26 - [MESSAGE][INFO] - Smart Wait Function is triggered

2023-12-04 16:36:26 - [MESSAGE][INFO] - Smart Wait Function is triggered

2023-12-04 16:36:26 - [MESSAGE][INFO] - Smart Wait Function is triggered

2023-12-04 16:36:26 - [MESSAGE][INFO] - Smart Wait Function is triggered

2023-12-04 16:36:26 - [MESSAGE][INFO] - Smart Wait Function is triggered

2023-12-04 16:36:26 - [MESSAGE][INFO] - Smart Wait Function is triggered

2023-12-04 16:36:26 - [MESSAGE][INFO] - Smart Wait Function is triggered

2023-12-04 16:36:26 - [MESSAGE][INFO] - Smart Wait Function is triggered

2023-12-04 16:36:26 - [MESSAGE][INFO] - Smart Wait Function is triggered

2023-12-04 16:36:26 - [MESSAGE][INFO] - Smart Wait Function is triggered

2023-12-04 16:36:26 - [MESSAGE][INFO] - Smart Wait Function is triggered

2023-12-04 16:36:26 - [MESSAGE][INFO] - Smart Wait Function is triggered

2023-12-04 16:36:26 - [MESSAGE][INFO] - Smart Wait Function is triggered

2023-12-04 16:36:26 - [MESSAGE][INFO] - Smart Wait Function is triggered

2023-12-04 16:36:26 - [MESSAGE][INFO] - Smart Wait Function is triggered

2023-12-04 16:36:26 - [MESSAGE][INFO] - Smart Wait Function is triggered

2023-12-04 16:36:26 - [MESSAGE][INFO] - Smart Wait Function is triggered

2023-12-04 16:36:26 - [MESSAGE][INFO] - Smart Wait Function is triggered

2023-12-04 16:36:26 - [MESSAGE][INFO] - Smart Wait Function is triggered

2023-12-04 16:36:26 - [MESSAGE][INFO] - Smart Wait Function is triggered

2023-12-04 16:36:26 - [MESSAGE][INFO] - Smart Wait Function is triggered

2023-12-04 16:36:26 - [MESSAGE][INFO] - Smart Wait Function is triggered

2023-12-04 16:36:26 - [MESSAGE][INFO] - Smart Wait Function is triggered

2023-12-04 16:36:27 - [MESSAGE][INFO] - Smart Wait Function is triggered

2023-12-04 16:36:27 - [MESSAGE][INFO] - Smart Wait Function is triggered

2023-12-04 16:36:27 - [MESSAGE][INFO] - Smart Wait Function is triggered

2023-12-04 16:36:27 - [MESSAGE][INFO] - Smart Wait Function is triggered

2023-12-04 16:36:27 - [MESSAGE][INFO] - Smart Wait Function is triggered

2023-12-04 16:36:27 - [MESSAGE][INFO] - Smart Wait Function is triggered

2023-12-04 16:36:27 - [MESSAGE][INFO] - Smart Wait Function is triggered

2023-12-04 16:36:27 - [MESSAGE][INFO] - Smart Wait Function is triggered

2023-12-04 16:36:27 - [MESSAGE][INFO] - Smart Wait Function is triggered

2023-12-04 16:36:27 - [MESSAGE][INFO] - Smart Wait Function is triggered

2023-12-04 16:36:27 - [MESSAGE][INFO] - Smart Wait Function is triggered

2023-12-04 16:36:27 - [MESSAGE][INFO] - Smart Wait Function is triggered

2023-12-04 16:36:27 - [MESSAGE][INFO] - Smart Wait Function is triggered

2023-12-04 16:36:27 - [MESSAGE][INFO] - Smart Wait Function is triggered

2023-12-04 16:36:27 - [MESSAGE][INFO] - Smart Wait Function is triggered

2023-12-04 16:36:27 - [MESSAGE][INFO] - Smart Wait Function is triggered

2023-12-04 16:36:27 - [MESSAGE][INFO] - Smart Wait Function is triggered

2023-12-04 16:36:27 - [MESSAGE][INFO] - Smart Wait Function is triggered

2023-12-04 16:36:27 - [MESSAGE][INFO] - Smart Wait Function is triggered

2023-12-04 16:36:27 - [MESSAGE][INFO] - Smart Wait Function is triggered

2023-12-04 16:36:27 - [MESSAGE][INFO] - Smart Wait Function is triggered

2023-12-04 16:36:27 - [MESSAGE][INFO] - Smart Wait Function is triggered

2023-12-04 16:36:27 - [MESSAGE][INFO] - Smart Wait Function is triggered

2023-12-04 16:36:27 - [MESSAGE][INFO] - Smart Wait Function is triggered

2023-12-04 16:36:27 - [MESSAGE][INFO] - Smart Wait Function is triggered

2023-12-04 16:36:27 - [MESSAGE][INFO] - Smart Wait Function is triggered

2023-12-04 16:36:28 - [MESSAGE][INFO] - Smart Wait Function is triggered

2023-12-04 16:36:28 - [MESSAGE][INFO] - Smart Wait Function is triggered

2023-12-04 16:36:28 - [MESSAGE][INFO] - Smart Wait Function is triggered

2023-12-04 16:36:28 - [MESSAGE][INFO] - Smart Wait Function is triggered

2023-12-04 16:36:28 - [MESSAGE][INFO] - Smart Wait Function is triggered

2023-12-04 16:36:28 - [MESSAGE][INFO] - Smart Wait Function is triggered

2023-12-04 16:36:28 - [MESSAGE][INFO] - Smart Wait Function is triggered

2023-12-04 16:36:28 - [MESSAGE][INFO] - Smart Wait Function is triggered

2023-12-04 16:36:28 - [MESSAGE][INFO] - Smart Wait Function is triggered

2023-12-04 16:36:28 - [MESSAGE][INFO] - Smart Wait Function is triggered

2023-12-04 16:36:28 - [MESSAGE][INFO] - Smart Wait Function is triggered

2023-12-04 16:36:28 - [MESSAGE][INFO] - Smart Wait Function is triggered

2023-12-04 16:36:28 - [MESSAGE][INFO] - Smart Wait Function is triggered

2023-12-04 16:36:28 - [MESSAGE][INFO] - Smart Wait Function is triggered

2023-12-04 16:36:28 - [MESSAGE][INFO] - Smart Wait Function is triggered

2023-12-04 16:36:28 - [MESSAGE][INFO] - Smart Wait Function is triggered

2023-12-04 16:36:28 - [MESSAGE][INFO] - Smart Wait Function is triggered

2023-12-04 16:36:28 - [MESSAGE][INFO] - Smart Wait Function is triggered

2023-12-04 16:36:28 - [MESSAGE][INFO] - Smart Wait Function is triggered

2023-12-04 16:36:28 - [MESSAGE][INFO] - Smart Wait Function is triggered

2023-12-04 16:36:28 - [MESSAGE][INFO] - Smart Wait Function is triggered

2023-12-04 16:36:29 - [MESSAGE][INFO] - Smart Wait Function is triggered

2023-12-04 16:36:29 - [MESSAGE][INFO] - Smart Wait Function is triggered

2023-12-04 16:36:29 - [MESSAGE][INFO] - Smart Wait Function is triggered

2023-12-04 16:36:29 - [MESSAGE][INFO] - Smart Wait Function is triggered

2023-12-04 16:36:29 - [MESSAGE][INFO] - Smart Wait Function is triggered

2023-12-04 16:36:29 - [MESSAGE][INFO] - Smart Wait Function is triggered

2023-12-04 16:36:29 - [MESSAGE][INFO] - Smart Wait Function is triggered

2023-12-04 16:36:29 - [MESSAGE][INFO] - Smart Wait Function is triggered

2023-12-04 16:36:29 - [MESSAGE][INFO] - Smart Wait Function is triggered

2023-12-04 16:36:29 - [MESSAGE][INFO] - Smart Wait Function is triggered

2023-12-04 16:36:29 - [MESSAGE][INFO] - Smart Wait Function is triggered

2023-12-04 16:36:29 - [MESSAGE][INFO] - Smart Wait Function is triggered

2023-12-04 16:36:29 - [MESSAGE][INFO] - Smart Wait Function is triggered

2023-12-04 16:36:29 - [MESSAGE][INFO] - Smart Wait Function is triggered

2023-12-04 16:36:29 - [MESSAGE][INFO] - Smart Wait Function is triggered

2023-12-04 16:36:29 - [MESSAGE][INFO] - Smart Wait Function is triggered

2023-12-04 16:36:29 - [MESSAGE][INFO] - Smart Wait Function is triggered

2023-12-04 16:36:29 - [MESSAGE][INFO] - Smart Wait Function is triggered

2023-12-04 16:36:29 - [MESSAGE][INFO] - Smart Wait Function is triggered

2023-12-04 16:36:29 - [MESSAGE][INFO] - Smart Wait Function is triggered

2023-12-04 16:36:29 - [MESSAGE][INFO] - Smart Wait Function is triggered

2023-12-04 16:36:30 - [MESSAGE][INFO] - Smart Wait Function is triggered

2023-12-04 16:36:30 - [MESSAGE][INFO] - Smart Wait Function is triggered

2023-12-04 16:36:30 - [MESSAGE][INFO] - Smart Wait Function is triggered

2023-12-04 16:36:30 - [MESSAGE][INFO] - Smart Wait Function is triggered

2023-12-04 16:36:30 - [MESSAGE][INFO] - Smart Wait Function is triggered

2023-12-04 16:36:30 - [MESSAGE][INFO] - Smart Wait Function is triggered

2023-12-04 16:36:30 - [MESSAGE][INFO] - Smart Wait Function is triggered

2023-12-04 16:36:30 - [MESSAGE][INFO] - Smart Wait Function is triggered

2023-12-04 16:36:30 - [MESSAGE][INFO] - Smart Wait Function is triggered

2023-12-04 16:36:30 - [MESSAGE][INFO] - Smart Wait Function is triggered

2023-12-04 16:36:30 - [MESSAGE][INFO] - Smart Wait Function is triggered

2023-12-04 16:36:30 - [MESSAGE][INFO] - Smart Wait Function is triggered

2023-12-04 16:36:30 - [MESSAGE][INFO] - Smart Wait Function is triggered

2023-12-04 16:36:30 - [MESSAGE][INFO] - Smart Wait Function is triggered

2023-12-04 16:36:30 - [MESSAGE][INFO] - Smart Wait Function is triggered

2023-12-04 16:36:30 - [MESSAGE][INFO] - Smart Wait Function is triggered

2023-12-04 16:36:30 - [MESSAGE][INFO] - Smart Wait Function is triggered

2023-12-04 16:36:30 - [MESSAGE][INFO] - Smart Wait Function is triggered

2023-12-04 16:36:30 - [MESSAGE][INFO] - Smart Wait Function is triggered

2023-12-04 16:36:30 - [MESSAGE][INFO] - Smart Wait Function is triggered

2023-12-04 16:36:30 - [MESSAGE][INFO] - Smart Wait Function is triggered

2023-12-04 16:36:30 - [MESSAGE][INFO] - Smart Wait Function is triggered

2023-12-04 16:36:30 - [MESSAGE][INFO] - Smart Wait Function is triggered

2023-12-04 16:36:30 - [MESSAGE][INFO] - Smart Wait Function is triggered

2023-12-04 16:36:30 - [MESSAGE][INFO] - Smart Wait Function is triggered

2023-12-04 16:36:31 - [MESSAGE][INFO] - Smart Wait Function is triggered

2023-12-04 16:36:31 - [MESSAGE][INFO] - Smart Wait Function is triggered

2023-12-04 16:36:31 - [MESSAGE][INFO] - Smart Wait Function is triggered

2023-12-04 16:36:31 - [MESSAGE][INFO] - Smart Wait Function is triggered

2023-12-04 16:36:31 - [MESSAGE][INFO] - Smart Wait Function is triggered

2023-12-04 16:36:31 - [MESSAGE][INFO] - Smart Wait Function is triggered

2023-12-04 16:36:31 - [MESSAGE][INFO] - Smart Wait Function is triggered

2023-12-04 16:36:31 - [MESSAGE][INFO] - Smart Wait Function is triggered

2023-12-04 16:36:31 - [MESSAGE][INFO] - Smart Wait Function is triggered

2023-12-04 16:36:31 - [MESSAGE][INFO] - Smart Wait Function is triggered

2023-12-04 16:36:31 - [MESSAGE][INFO] - Smart Wait Function is triggered

2023-12-04 16:36:31 - [MESSAGE][INFO] - Smart Wait Function is triggered

2023-12-04 16:36:31 - [MESSAGE][INFO] - Smart Wait Function is triggered

2023-12-04 16:36:31 - [MESSAGE][INFO] - Smart Wait Function is triggered

2023-12-04 16:36:31 - [MESSAGE][INFO] - Smart Wait Function is triggered

2023-12-04 16:36:31 - [MESSAGE][INFO] - Smart Wait Function is triggered

2023-12-04 16:36:31 - [MESSAGE][INFO] - Smart Wait Function is triggered

2023-12-04 16:36:31 - [MESSAGE][INFO] - Smart Wait Function is triggered

2023-12-04 16:36:31 - [MESSAGE][INFO] - Smart Wait Function is triggered

2023-12-04 16:36:31 - [MESSAGE][INFO] - Smart Wait Function is triggered

2023-12-04 16:36:31 - [MESSAGE][INFO] - Smart Wait Function is triggered

2023-12-04 16:36:31 - [MESSAGE][INFO] - Smart Wait Function is triggered

2023-12-04 16:36:32 - [MESSAGE][INFO] - Smart Wait Function is triggered

2023-12-04 16:36:32 - [MESSAGE][INFO] - Smart Wait Function is triggered

2023-12-04 16:36:32 - [MESSAGE][INFO] - Smart Wait Function is triggered

2023-12-04 16:36:32 - [MESSAGE][INFO] - Smart Wait Function is triggered

2023-12-04 16:36:32 - [MESSAGE][INFO] - Smart Wait Function is triggered

2023-12-04 16:36:32 - [MESSAGE][INFO] - Smart Wait Function is triggered

2023-12-04 16:36:32 - [MESSAGE][INFO] - Smart Wait Function is triggered

2023-12-04 16:36:32 - [MESSAGE][INFO] - Smart Wait Function is triggered

2023-12-04 16:36:32 - [MESSAGE][INFO] - Smart Wait Function is triggered

2023-12-04 16:36:32 - [MESSAGE][INFO] - Smart Wait Function is triggered

2023-12-04 16:36:32 - [MESSAGE][INFO] - Smart Wait Function is triggered

2023-12-04 16:36:32 - [MESSAGE][INFO] - Smart Wait Function is triggered

2023-12-04 16:36:32 - [MESSAGE][INFO] - Smart Wait Function is triggered

2023-12-04 16:36:32 - [MESSAGE][INFO] - Smart Wait Function is triggered

2023-12-04 16:36:32 - [MESSAGE][INFO] - Smart Wait Function is triggered

2023-12-04 16:36:32 - [MESSAGE][INFO] - Smart Wait Function is triggered

2023-12-04 16:36:32 - [MESSAGE][INFO] - Smart Wait Function is triggered

2023-12-04 16:36:32 - [MESSAGE][INFO] - Smart Wait Function is triggered

2023-12-04 16:36:32 - [MESSAGE][INFO] - Smart Wait Function is triggered

2023-12-04 16:36:32 - [MESSAGE][INFO] - Smart Wait Function is triggered

2023-12-04 16:36:32 - [MESSAGE][INFO] - Smart Wait Function is triggered

2023-12-04 16:36:32 - [MESSAGE][INFO] - Smart Wait Function is triggered

2023-12-04 16:36:32 - [MESSAGE][INFO] - Smart Wait Function is triggered

2023-12-04 16:36:32 - [MESSAGE][INFO] - Smart Wait Function is triggered

2023-12-04 16:36:32 - [MESSAGE][INFO] - Smart Wait Function is triggered

2023-12-04 16:36:33 - [MESSAGE][INFO] - Smart Wait Function is triggered

2023-12-04 16:36:33 - [MESSAGE][INFO] - Smart Wait Function is triggered

2023-12-04 16:36:33 - [MESSAGE][INFO] - Smart Wait Function is triggered

2023-12-04 16:36:33 - [MESSAGE][INFO] - Smart Wait Function is triggered

2023-12-04 16:36:33 - [MESSAGE][INFO] - Smart Wait Function is triggered

2023-12-04 16:36:33 - [MESSAGE][INFO] - Smart Wait Function is triggered

2023-12-04 16:36:33 - [MESSAGE][INFO] - Smart Wait Function is triggered

2023-12-04 16:36:33 - [MESSAGE][INFO] - Smart Wait Function is triggered

2023-12-04 16:36:33 - [MESSAGE][INFO] - Smart Wait Function is triggered

2023-12-04 16:36:33 - [MESSAGE][INFO] - Smart Wait Function is triggered

2023-12-04 16:36:33 - [MESSAGE][INFO] - Smart Wait Function is triggered

2023-12-04 16:36:33 - [MESSAGE][INFO] - Smart Wait Function is triggered

2023-12-04 16:36:33 - [MESSAGE][INFO] - Smart Wait Function is triggered

2023-12-04 16:36:33 - [MESSAGE][INFO] - Smart Wait Function is triggered

2023-12-04 16:36:33 - [MESSAGE][INFO] - Smart Wait Function is triggered

2023-12-04 16:36:33 - [MESSAGE][INFO] - Smart Wait Function is triggered

2023-12-04 16:36:33 - [MESSAGE][INFO] - Smart Wait Function is triggered

2023-12-04 16:36:33 - [MESSAGE][INFO] - Smart Wait Function is triggered

2023-12-04 16:36:33 - [MESSAGE][INFO] - Smart Wait Function is triggered

2023-12-04 16:36:33 - [MESSAGE][INFO] - Smart Wait Function is triggered

2023-12-04 16:36:33 - [MESSAGE][INFO] - Smart Wait Function is triggered

2023-12-04 16:36:33 - [MESSAGE][INFO] - Smart Wait Function is triggered

2023-12-04 16:36:34 - [MESSAGE][INFO] - Smart Wait Function is triggered

2023-12-04 16:36:34 - [MESSAGE][INFO] - Smart Wait Function is triggered

2023-12-04 16:36:34 - [MESSAGE][INFO] - Smart Wait Function is triggered

[...]
	at com.kms.katalon.core.keyword.builtin.CallTestCaseKeyword$_callTestCase_closure1.doCall(CallTestCaseKeyword.groovy:63)
	at com.kms.katalon.core.keyword.builtin.CallTestCaseKeyword$_callTestCase_closure1.call(CallTestCaseKeyword.groovy)
	at com.kms.katalon.core.keyword.internal.KeywordMain.runKeyword(KeywordMain.groovy:75)
	at com.kms.katalon.core.keyword.builtin.CallTestCaseKeyword.callTestCase(CallTestCaseKeyword.groovy:81)
	at com.kms.katalon.core.keyword.builtin.CallTestCaseKeyword.execute(CallTestCaseKeyword.groovy:44)
	at com.kms.katalon.core.keyword.internal.KeywordExecutor.executeKeywordForPlatform(KeywordExecutor.groovy:74)
	at com.kms.katalon.core.keyword.BuiltinKeywords.callTestCase(BuiltinKeywords.groovy:310)
	at com.kazurayam.ksbackyard.HighlightElement$_pandemic_closure1.doCall(HighlightElement.groovy:105)
	at TNR R.TSPT Supp90-Visiteur.run(TNR R.TSPT Supp90-Visiteur:43)
	at com.kms.katalon.core.main.ScriptEngine.run(ScriptEngine.java:194)
	at com.kms.katalon.core.main.ScriptEngine.runScriptAsRawText(ScriptEngine.java:119)
	at com.kms.katalon.core.main.TestCaseExecutor.runScript(TestCaseExecutor.java:448)
	at com.kms.katalon.core.main.TestCaseExecutor.doExecute(TestCaseExecutor.java:439)
	at com.kms.katalon.core.main.TestCaseExecutor.processExecutionPhase(TestCaseExecutor.java:418)
	at com.kms.katalon.core.main.TestCaseExecutor.accessMainPhase(TestCaseExecutor.java:410)
	at com.kms.katalon.core.main.TestCaseExecutor.execute(TestCaseExecutor.java:285)
	at com.kms.katalon.core.common.CommonExecutor.accessTestCaseMainPhase(CommonExecutor.java:65)
	at com.kms.katalon.core.main.TestSuiteExecutor.accessTestSuiteMainPhase(TestSuiteExecutor.java:148)
	at com.kms.katalon.core.main.TestSuiteExecutor.execute(TestSuiteExecutor.java:106)
	at com.kms.katalon.core.main.TestCaseMain.startTestSuite(TestCaseMain.java:187)
	at com.kms.katalon.core.main.TestCaseMain$startTestSuite$0.call(Unknown Source)
	at TempTestSuite1701704118658.run(TempTestSuite1701704118658.groovy:36)
Caused by: com.kms.katalon.core.exception.StepFailedException: Unable to check object 'Object Repository/Page_DemarcheRenouvellement/CheckBox_SolliciteTS_PasseportTalent'
	at com.kms.katalon.core.webui.keyword.internal.WebUIKeywordMain.stepFailed(WebUIKeywordMain.groovy:64)
	at com.kms.katalon.core.webui.keyword.internal.WebUIKeywordMain.runKeyword(WebUIKeywordMain.groovy:26)
	at com.kms.katalon.core.webui.keyword.builtin.CheckKeyword.check(CheckKeyword.groovy:88)
	at com.kms.katalon.core.webui.keyword.builtin.CheckKeyword.execute(CheckKeyword.groovy:67)
	at com.kms.katalon.core.keyword.internal.KeywordExecutor.executeKeywordForPlatform(KeywordExecutor.groovy:74)
	at com.kms.katalon.core.webui.keyword.WebUiBuiltInKeywords.check(WebUiBuiltInKeywords.groovy:1069)
	at com.kazurayam.ksbackyard.HighlightElement$_pandemic_closure1.doCall(HighlightElement.groovy:105)
	at FormulaireTypeDeTitreDeSejour.run(FormulaireTypeDeTitreDeSejour:151)
	at com.kms.katalon.core.main.ScriptEngine.run(ScriptEngine.java:194)
	at com.kms.katalon.core.main.ScriptEngine.runScriptAsRawText(ScriptEngine.java:119)
	at com.kms.katalon.core.main.TestCaseExecutor.runScript(TestCaseExecutor.java:448)
	at com.kms.katalon.core.main.TestCaseExecutor.doExecute(TestCaseExecutor.java:439)
	at com.kms.katalon.core.main.TestCaseExecutor.processExecutionPhase(TestCaseExecutor.java:418)
	at com.kms.katalon.core.main.TestCaseExecutor.accessMainPhase(TestCaseExecutor.java:410)
	at com.kms.katalon.core.main.TestCaseExecutor.execute(TestCaseExecutor.java:285)
	at com.kms.katalon.core.main.TestCaseMain.runTestCase(TestCaseMain.java:144)
	at com.kms.katalon.core.keyword.builtin.CallTestCaseKeyword$_callTestCase_closure1.doCall(CallTestCaseKeyword.groovy:59)
	... 21 more
Caused by: com.kms.katalon.core.webui.exception.WebElementNotFoundException: Web element with id: 'Object Repository/Page_DemarcheRenouvellement/CheckBox_SolliciteTS_PasseportTalent' located by '//*/div[3]/app-radio-tree-button/div/p-radiobutton/div/div[2]/span' not found
	at com.kms.katalon.core.webui.common.WebUiCommonHelper.findWebElement(WebUiCommonHelper.java:1381)
	at com.kms.katalon.core.webui.keyword.internal.WebUIAbstractKeyword.findWebElement(WebUIAbstractKeyword.groovy:27)
	at com.kms.katalon.core.webui.keyword.internal.WebUIAbstractKeyword.findWebElement(WebUIAbstractKeyword.groovy:26)
	at com.kms.katalon.core.webui.keyword.builtin.CheckKeyword$_check_closure1.doCall(CheckKeyword.groovy:77)
	at com.kms.katalon.core.webui.keyword.builtin.CheckKeyword$_check_closure1.call(CheckKeyword.groovy)
	at com.kms.katalon.core.webui.keyword.internal.WebUIKeywordMain.runKeyword(WebUIKeywordMain.groovy:20)
	... 36 more
)

2023-12-04 16:38:39 - [TEST_STEP][PASSED] - Video: Video recording for test case 'Test Cases/Cas D Utilisations/Usager Etudiant/TNR R.TSPT Supp90-Visiteur' .

2023-12-04 16:38:39 - [MESSAGE][INFO] - Video recording for test case 'Test Cases/Cas D Utilisations/Usager Etudiant/TNR R.TSPT Supp90-Visiteur' .]]></system-out>
         <system-err><![CDATA[2023-12-04 16:36:49 - [TEST_CASE][FAILED] - Test Cases/Cas D Utilisations/Usager Etudiant/TNR R.TSPT Supp90-Visiteur: Test Cases/Cas D Utilisations/Usager Etudiant/TNR R.TSPT Supp90-Visiteur FAILED.
Reason:
com.kms.katalon.core.exception.StepFailedException: Call Test Case 'Test Cases/Test Reutilisable/DemandeOuRenouvelle_TitreSejour/FormulaireTypeDeTitreDeSejour' failed
	at com.kms.katalon.core.keyword.builtin.CallTestCaseKeyword$_callTestCase_closure1.doCall(CallTestCaseKeyword.groovy:63)
	at com.kms.katalon.core.keyword.builtin.CallTestCaseKeyword$_callTestCase_closure1.call(CallTestCaseKeyword.groovy)
	at com.kms.katalon.core.keyword.internal.KeywordMain.runKeyword(KeywordMain.groovy:75)
	at com.kms.katalon.core.keyword.builtin.CallTestCaseKeyword.callTestCase(CallTestCaseKeyword.groovy:81)
	at com.kms.katalon.core.keyword.builtin.CallTestCaseKeyword.execute(CallTestCaseKeyword.groovy:44)
	at com.kms.katalon.core.keyword.internal.KeywordExecutor.executeKeywordForPlatform(KeywordExecutor.groovy:74)
	at com.kms.katalon.core.keyword.BuiltinKeywords.callTestCase(BuiltinKeywords.groovy:310)
	at com.kazurayam.ksbackyard.HighlightElement$_pandemic_closure1.doCall(HighlightElement.groovy:105)
	at TNR R.TSPT Supp90-Visiteur.run(TNR R.TSPT Supp90-Visiteur:43)
	at com.kms.katalon.core.main.ScriptEngine.run(ScriptEngine.java:194)
	at com.kms.katalon.core.main.ScriptEngine.runScriptAsRawText(ScriptEngine.java:119)
	at com.kms.katalon.core.main.TestCaseExecutor.runScript(TestCaseExecutor.java:448)
	at com.kms.katalon.core.main.TestCaseExecutor.doExecute(TestCaseExecutor.java:439)
	at com.kms.katalon.core.main.TestCaseExecutor.processExecutionPhase(TestCaseExecutor.java:418)
	at com.kms.katalon.core.main.TestCaseExecutor.accessMainPhase(TestCaseExecutor.java:410)
	at com.kms.katalon.core.main.TestCaseExecutor.execute(TestCaseExecutor.java:285)
	at com.kms.katalon.core.common.CommonExecutor.accessTestCaseMainPhase(CommonExecutor.java:65)
	at com.kms.katalon.core.main.TestSuiteExecutor.accessTestSuiteMainPhase(TestSuiteExecutor.java:148)
	at com.kms.katalon.core.main.TestSuiteExecutor.execute(TestSuiteExecutor.java:106)
	at com.kms.katalon.core.main.TestCaseMain.startTestSuite(TestCaseMain.java:187)
	at com.kms.katalon.core.main.TestCaseMain$startTestSuite$0.call(Unknown Source)
	at TempTestSuite1701704118658.run(TempTestSuite1701704118658.groovy:36)
Caused by: com.kms.katalon.core.exception.StepFailedException: Unable to check object 'Object Repository/Page_DemarcheRenouvellement/CheckBox_SolliciteTS_PasseportTalent'
	at com.kms.katalon.core.webui.keyword.internal.WebUIKeywordMain.stepFailed(WebUIKeywordMain.groovy:64)
	at com.kms.katalon.core.webui.keyword.internal.WebUIKeywordMain.runKeyword(WebUIKeywordMain.groovy:26)
	at com.kms.katalon.core.webui.keyword.builtin.CheckKeyword.check(CheckKeyword.groovy:88)
	at com.kms.katalon.core.webui.keyword.builtin.CheckKeyword.execute(CheckKeyword.groovy:67)
	at com.kms.katalon.core.keyword.internal.KeywordExecutor.executeKeywordForPlatform(KeywordExecutor.groovy:74)
	at com.kms.katalon.core.webui.keyword.WebUiBuiltInKeywords.check(WebUiBuiltInKeywords.groovy:1069)
	at com.kazurayam.ksbackyard.HighlightElement$_pandemic_closure1.doCall(HighlightElement.groovy:105)
	at FormulaireTypeDeTitreDeSejour.run(FormulaireTypeDeTitreDeSejour:151)
	at com.kms.katalon.core.main.ScriptEngine.run(ScriptEngine.java:194)
	at com.kms.katalon.core.main.ScriptEngine.runScriptAsRawText(ScriptEngine.java:119)
	at com.kms.katalon.core.main.TestCaseExecutor.runScript(TestCaseExecutor.java:448)
	at com.kms.katalon.core.main.TestCaseExecutor.doExecute(TestCaseExecutor.java:439)
	at com.kms.katalon.core.main.TestCaseExecutor.processExecutionPhase(TestCaseExecutor.java:418)
	at com.kms.katalon.core.main.TestCaseExecutor.accessMainPhase(TestCaseExecutor.java:410)
	at com.kms.katalon.core.main.TestCaseExecutor.execute(TestCaseExecutor.java:285)
	at com.kms.katalon.core.main.TestCaseMain.runTestCase(TestCaseMain.java:144)
	at com.kms.katalon.core.keyword.builtin.CallTestCaseKeyword$_callTestCase_closure1.doCall(CallTestCaseKeyword.groovy:59)
	... 21 more
Caused by: com.kms.katalon.core.webui.exception.WebElementNotFoundException: Web element with id: 'Object Repository/Page_DemarcheRenouvellement/CheckBox_SolliciteTS_PasseportTalent' located by '//*/div[3]/app-radio-tree-button/div/p-radiobutton/div/div[2]/span' not found
	at com.kms.katalon.core.webui.common.WebUiCommonHelper.findWebElement(WebUiCommonHelper.java:1381)
	at com.kms.katalon.core.webui.keyword.internal.WebUIAbstractKeyword.findWebElement(WebUIAbstractKeyword.groovy:27)
	at com.kms.katalon.core.webui.keyword.internal.WebUIAbstractKeyword.findWebElement(WebUIAbstractKeyword.groovy:26)
	at com.kms.katalon.core.webui.keyword.builtin.CheckKeyword$_check_closure1.doCall(CheckKeyword.groovy:77)
	at com.kms.katalon.core.webui.keyword.builtin.CheckKeyword$_check_closure1.call(CheckKeyword.groovy)
	at com.kms.katalon.core.webui.keyword.internal.WebUIKeywordMain.runKeyword(WebUIKeywordMain.groovy:20)
	... 36 more]]></system-err>
      </testcase>
      <system-out><![CDATA[2023-12-04 16:35:29 - [TEST_SUITE][FAILED] - TS_TNR_R.TSPT_Suppo90: Test Cases/Cas D Utilisations/Usager Etudiant/TNR R.TSPT Supp90-Etudiant FAILED.
Reason:
com.kms.katalon.core.exception.StepFailedException: Call Test Case 'Test Cases/Test Reutilisable/Main/Creer Votre Compte' failed
	at com.kms.katalon.core.keyword.builtin.CallTestCaseKeyword$_callTestCase_closure1.doCall(CallTestCaseKeyword.groovy:63)
	at com.kms.katalon.core.keyword.builtin.CallTestCaseKeyword$_callTestCase_closure1.call(CallTestCaseKeyword.groovy)
	at com.kms.katalon.core.keyword.internal.KeywordMain.runKeyword(KeywordMain.groovy:75)
	at com.kms.katalon.core.keyword.builtin.CallTestCaseKeyword.callTestCase(CallTestCaseKeyword.groovy:81)
	at com.kms.katalon.core.keyword.builtin.CallTestCaseKeyword.execute(CallTestCaseKeyword.groovy:44)
	at com.kms.katalon.core.keyword.internal.KeywordExecutor.executeKeywordForPlatform(KeywordExecutor.groovy:74)
	at com.kms.katalon.core.keyword.BuiltinKeywords.callTestCase(BuiltinKeywords.groovy:310)
	at com.kazurayam.ksbackyard.HighlightElement$_pandemic_closure1.doCall(HighlightElement.groovy:105)
	at TNR R.TSPT Supp90-Etudiant.run(TNR R.TSPT Supp90-Etudiant:30)
	at com.kms.katalon.core.main.ScriptEngine.run(ScriptEngine.java:194)
	at com.kms.katalon.core.main.ScriptEngine.runScriptAsRawText(ScriptEngine.java:119)
	at com.kms.katalon.core.main.TestCaseExecutor.runScript(TestCaseExecutor.java:448)
	at com.kms.katalon.core.main.TestCaseExecutor.doExecute(TestCaseExecutor.java:439)
	at com.kms.katalon.core.main.TestCaseExecutor.processExecutionPhase(TestCaseExecutor.java:418)
	at com.kms.katalon.core.main.TestCaseExecutor.accessMainPhase(TestCaseExecutor.java:410)
	at com.kms.katalon.core.main.TestCaseExecutor.execute(TestCaseExecutor.java:285)
	at com.kms.katalon.core.common.CommonExecutor.accessTestCaseMainPhase(CommonExecutor.java:65)
	at com.kms.katalon.core.main.TestSuiteExecutor.accessTestSuiteMainPhase(TestSuiteExecutor.java:148)
	at com.kms.katalon.core.main.TestSuiteExecutor.execute(TestSuiteExecutor.java:106)
	at com.kms.katalon.core.main.TestCaseMain.startTestSuite(TestCaseMain.java:187)
	at com.kms.katalon.core.main.TestCaseMain$startTestSuite$0.call(Unknown Source)
	at TempTestSuite1701704118658.run(TempTestSuite1701704118658.groovy:36)
Caused by: com.kms.katalon.core.exception.StepFailedException: Unable to click on object 'Object Repository/Connexion Usager/Link_Creer Votre Compte'
	at com.kms.katalon.core.webui.keyword.internal.WebUIKeywordMain.stepFailed(WebUIKeywordMain.groovy:64)
	at com.kms.katalon.core.webui.keyword.internal.WebUIKeywordMain.runKeyword(WebUIKeywordMain.groovy:26)
	at com.kms.katalon.core.webui.keyword.builtin.ClickKeyword.click(ClickKeyword.groovy:74)
	at com.kms.katalon.core.webui.keyword.builtin.ClickKeyword.execute(ClickKeyword.groovy:40)
	at com.kms.katalon.core.keyword.internal.KeywordExecutor.executeKeywordForPlatform(KeywordExecutor.groovy:74)
	at com.kms.katalon.core.webui.keyword.WebUiBuiltInKeywords.click(WebUiBuiltInKeywords.groovy:620)
	at com.kazurayam.ksbackyard.HighlightElement$_pandemic_closure1.doCall(HighlightElement.groovy:105)
	at Creer Votre Compte.run(Creer Votre Compte:80)
	at com.kms.katalon.core.main.ScriptEngine.run(ScriptEngine.java:194)
	at com.kms.katalon.core.main.ScriptEngine.runScriptAsRawText(ScriptEngine.java:119)
	at com.kms.katalon.core.main.TestCaseExecutor.runScript(TestCaseExecutor.java:448)
	at com.kms.katalon.core.main.TestCaseExecutor.doExecute(TestCaseExecutor.java:439)
	at com.kms.katalon.core.main.TestCaseExecutor.processExecutionPhase(TestCaseExecutor.java:418)
	at com.kms.katalon.core.main.TestCaseExecutor.accessMainPhase(TestCaseExecutor.java:410)
	at com.kms.katalon.core.main.TestCaseExecutor.execute(TestCaseExecutor.java:285)
	at com.kms.katalon.core.main.TestCaseMain.runTestCase(TestCaseMain.java:144)
	at com.kms.katalon.core.keyword.builtin.CallTestCaseKeyword$_callTestCase_closure1.doCall(CallTestCaseKeyword.groovy:59)
	... 21 more
Caused by: com.kms.katalon.core.webui.exception.WebElementNotFoundException: Web element with id: 'Object Repository/Connexion Usager/Link_Creer Votre Compte' located by '/html/body/div/main/div[2]/a' not found
	at com.kms.katalon.core.webui.common.WebUiCommonHelper.findWebElement(WebUiCommonHelper.java:1381)
	at com.kms.katalon.core.webui.keyword.internal.WebUIAbstractKeyword.findWebElement(WebUIAbstractKeyword.groovy:27)
	at com.kms.katalon.core.webui.keyword.builtin.ClickKeyword$_click_closure1.doCall(ClickKeyword.groovy:65)
	at com.kms.katalon.core.webui.keyword.builtin.ClickKeyword$_click_closure1.call(ClickKeyword.groovy)
	at com.kms.katalon.core.webui.keyword.internal.WebUIKeywordMain.runKeyword(WebUIKeywordMain.groovy:20)
	... 36 more]]></system-out>
      <system-err><![CDATA[2023-12-04 16:35:29 - [TEST_SUITE][FAILED] - TS_TNR_R.TSPT_Suppo90: Test Cases/Cas D Utilisations/Usager Etudiant/TNR R.TSPT Supp90-Etudiant FAILED.
Reason:
com.kms.katalon.core.exception.StepFailedException: Call Test Case 'Test Cases/Test Reutilisable/Main/Creer Votre Compte' failed
	at com.kms.katalon.core.keyword.builtin.CallTestCaseKeyword$_callTestCase_closure1.doCall(CallTestCaseKeyword.groovy:63)
	at com.kms.katalon.core.keyword.builtin.CallTestCaseKeyword$_callTestCase_closure1.call(CallTestCaseKeyword.groovy)
	at com.kms.katalon.core.keyword.internal.KeywordMain.runKeyword(KeywordMain.groovy:75)
	at com.kms.katalon.core.keyword.builtin.CallTestCaseKeyword.callTestCase(CallTestCaseKeyword.groovy:81)
	at com.kms.katalon.core.keyword.builtin.CallTestCaseKeyword.execute(CallTestCaseKeyword.groovy:44)
	at com.kms.katalon.core.keyword.internal.KeywordExecutor.executeKeywordForPlatform(KeywordExecutor.groovy:74)
	at com.kms.katalon.core.keyword.BuiltinKeywords.callTestCase(BuiltinKeywords.groovy:310)
	at com.kazurayam.ksbackyard.HighlightElement$_pandemic_closure1.doCall(HighlightElement.groovy:105)
	at TNR R.TSPT Supp90-Etudiant.run(TNR R.TSPT Supp90-Etudiant:30)
	at com.kms.katalon.core.main.ScriptEngine.run(ScriptEngine.java:194)
	at com.kms.katalon.core.main.ScriptEngine.runScriptAsRawText(ScriptEngine.java:119)
	at com.kms.katalon.core.main.TestCaseExecutor.runScript(TestCaseExecutor.java:448)
	at com.kms.katalon.core.main.TestCaseExecutor.doExecute(TestCaseExecutor.java:439)
	at com.kms.katalon.core.main.TestCaseExecutor.processExecutionPhase(TestCaseExecutor.java:418)
	at com.kms.katalon.core.main.TestCaseExecutor.accessMainPhase(TestCaseExecutor.java:410)
	at com.kms.katalon.core.main.TestCaseExecutor.execute(TestCaseExecutor.java:285)
	at com.kms.katalon.core.common.CommonExecutor.accessTestCaseMainPhase(CommonExecutor.java:65)
	at com.kms.katalon.core.main.TestSuiteExecutor.accessTestSuiteMainPhase(TestSuiteExecutor.java:148)
	at com.kms.katalon.core.main.TestSuiteExecutor.execute(TestSuiteExecutor.java:106)
	at com.kms.katalon.core.main.TestCaseMain.startTestSuite(TestCaseMain.java:187)
	at com.kms.katalon.core.main.TestCaseMain$startTestSuite$0.call(Unknown Source)
	at TempTestSuite1701704118658.run(TempTestSuite1701704118658.groovy:36)
Caused by: com.kms.katalon.core.exception.StepFailedException: Unable to click on object 'Object Repository/Connexion Usager/Link_Creer Votre Compte'
	at com.kms.katalon.core.webui.keyword.internal.WebUIKeywordMain.stepFailed(WebUIKeywordMain.groovy:64)
	at com.kms.katalon.core.webui.keyword.internal.WebUIKeywordMain.runKeyword(WebUIKeywordMain.groovy:26)
	at com.kms.katalon.core.webui.keyword.builtin.ClickKeyword.click(ClickKeyword.groovy:74)
	at com.kms.katalon.core.webui.keyword.builtin.ClickKeyword.execute(ClickKeyword.groovy:40)
	at com.kms.katalon.core.keyword.internal.KeywordExecutor.executeKeywordForPlatform(KeywordExecutor.groovy:74)
	at com.kms.katalon.core.webui.keyword.WebUiBuiltInKeywords.click(WebUiBuiltInKeywords.groovy:620)
	at com.kazurayam.ksbackyard.HighlightElement$_pandemic_closure1.doCall(HighlightElement.groovy:105)
	at Creer Votre Compte.run(Creer Votre Compte:80)
	at com.kms.katalon.core.main.ScriptEngine.run(ScriptEngine.java:194)
	at com.kms.katalon.core.main.ScriptEngine.runScriptAsRawText(ScriptEngine.java:119)
	at com.kms.katalon.core.main.TestCaseExecutor.runScript(TestCaseExecutor.java:448)
	at com.kms.katalon.core.main.TestCaseExecutor.doExecute(TestCaseExecutor.java:439)
	at com.kms.katalon.core.main.TestCaseExecutor.processExecutionPhase(TestCaseExecutor.java:418)
	at com.kms.katalon.core.main.TestCaseExecutor.accessMainPhase(TestCaseExecutor.java:410)
	at com.kms.katalon.core.main.TestCaseExecutor.execute(TestCaseExecutor.java:285)
	at com.kms.katalon.core.main.TestCaseMain.runTestCase(TestCaseMain.java:144)
	at com.kms.katalon.core.keyword.builtin.CallTestCaseKeyword$_callTestCase_closure1.doCall(CallTestCaseKeyword.groovy:59)
	... 21 more
Caused by: com.kms.katalon.core.webui.exception.WebElementNotFoundException: Web element with id: 'Object Repository/Connexion Usager/Link_Creer Votre Compte' located by '/html/body/div/main/div[2]/a' not found
	at com.kms.katalon.core.webui.common.WebUiCommonHelper.findWebElement(WebUiCommonHelper.java:1381)
	at com.kms.katalon.core.webui.keyword.internal.WebUIAbstractKeyword.findWebElement(WebUIAbstractKeyword.groovy:27)
	at com.kms.katalon.core.webui.keyword.builtin.ClickKeyword$_click_closure1.doCall(ClickKeyword.groovy:65)
	at com.kms.katalon.core.webui.keyword.builtin.ClickKeyword$_click_closure1.call(ClickKeyword.groovy)
	at com.kms.katalon.core.webui.keyword.internal.WebUIKeywordMain.runKeyword(WebUIKeywordMain.groovy:20)
	... 36 more]]></system-err>
   </testsuite>
</testsuites>
